This is pdfTeX, Version 3.14159265-2.6-1.40.16 (TeX Live 2015/Debian) (preloaded format=pdflatex 2018.8.2)  4 SEP 2018 10:46
entering extended mode
 restricted \write18 enabled.
 file:line:error style messages enabled.
 %&-line parsing enabled.
**\input sv-high-freq-7-11-2016.tex
(./sv-high-freq-7-11-2016.tex
(/usr/share/texlive/texmf-dist/tex/latex/base/article.cls
Document Class: article 2014/09/29 v1.4h Standard LaTeX document class
(/usr/share/texlive/texmf-dist/tex/latex/base/size10.clo
File: size10.clo 2014/09/29 v1.4h Standard LaTeX file (size option)
)
\c@part=\count79
\c@section=\count80
\c@subsection=\count81
\c@subsubsection=\count82
\c@paragraph=\count83
\c@subparagraph=\count84
\c@figure=\count85
\c@table=\count86
\abovecaptionskip=\skip41
\belowcaptionskip=\skip42
\bibindent=\dimen102
)
(/usr/share/texlive/texmf-dist/tex/latex/pslatex/pslatex.sty
Package: pslatex 1996/07/24 v1.2 pslatex emulation (DPC)
LaTeX Font Info:    Redeclaring symbol font `operators' on input line 65.
LaTeX Font Info:    Overwriting symbol font `operators' in version `normal'
(Font)                  OT1/cmr/m/n --> OT1/ptmcm/m/n on input line 65.
LaTeX Font Info:    Overwriting symbol font `operators' in version `bold'
(Font)                  OT1/cmr/bx/n --> OT1/ptmcm/m/n on input line 65.
LaTeX Font Info:    Redeclaring symbol font `letters' on input line 66.
LaTeX Font Info:    Overwriting symbol font `letters' in version `normal'
(Font)                  OML/cmm/m/it --> OML/ptmcm/m/it on input line 66.
LaTeX Font Info:    Overwriting symbol font `letters' in version `bold'
(Font)                  OML/cmm/b/it --> OML/ptmcm/m/it on input line 66.
LaTeX Font Info:    Redeclaring symbol font `symbols' on input line 67.
LaTeX Font Info:    Overwriting symbol font `symbols' in version `normal'
(Font)                  OMS/cmsy/m/n --> OMS/pzccm/m/n on input line 67.
LaTeX Font Info:    Overwriting symbol font `symbols' in version `bold'
(Font)                  OMS/cmsy/b/n --> OMS/pzccm/m/n on input line 67.
LaTeX Font Info:    Redeclaring symbol font `largesymbols' on input line 68.
LaTeX Font Info:    Overwriting symbol font `largesymbols' in version `normal'
(Font)                  OMX/cmex/m/n --> OMX/psycm/m/n on input line 68.
LaTeX Font Info:    Overwriting symbol font `largesymbols' in version `bold'
(Font)                  OMX/cmex/m/n --> OMX/psycm/m/n on input line 68.
\symbold=\mathgroup4
\symitalic=\mathgroup5
LaTeX Font Info:    Redeclaring math alphabet \mathbf on input line 74.
LaTeX Font Info:    Overwriting math alphabet `\mathbf' in version `normal'
(Font)                  OT1/cmr/bx/n --> OT1/ptm/bx/n on input line 74.
LaTeX Font Info:    Overwriting math alphabet `\mathbf' in version `bold'
(Font)                  OT1/cmr/bx/n --> OT1/ptm/bx/n on input line 74.
LaTeX Font Info:    Redeclaring math alphabet \mathit on input line 75.
LaTeX Font Info:    Overwriting math alphabet `\mathit' in version `normal'
(Font)                  OT1/cmr/m/it --> OT1/ptm/m/it on input line 75.
LaTeX Font Info:    Overwriting math alphabet `\mathit' in version `bold'
(Font)                  OT1/cmr/bx/it --> OT1/ptm/m/it on input line 75.
)
(/usr/share/texlive/texmf-dist/tex/latex/psnfss/palatino.sty
Package: palatino 2005/04/12 PSNFSS-v9.2a (SPQR) 
)
(/usr/share/texlive/texmf-dist/tex/latex/psnfss/avant.sty
Package: avant 2005/04/12 PSNFSS-v9.2a (SPQR) 
)
(/usr/share/texlive/texmf-dist/tex/latex/graphics/graphicx.sty
Package: graphicx 2014/10/28 v1.0g Enhanced LaTeX Graphics (DPC,SPQR)

(/usr/share/texlive/texmf-dist/tex/latex/graphics/keyval.sty
Package: keyval 2014/10/28 v1.15 key=value parser (DPC)
\KV@toks@=\toks14
)
(/usr/share/texlive/texmf-dist/tex/latex/graphics/graphics.sty
Package: graphics 2016/01/03 v1.0q Standard LaTeX Graphics (DPC,SPQR)

(/usr/share/texlive/texmf-dist/tex/latex/graphics/trig.sty
Package: trig 2016/01/03 v1.10 sin cos tan (DPC)
)
(/usr/share/texlive/texmf-dist/tex/latex/latexconfig/graphics.cfg
File: graphics.cfg 2010/04/23 v1.9 graphics configuration of TeX Live
)
Package graphics Info: Driver file: pdftex.def on input line 95.

(/usr/share/texlive/texmf-dist/tex/latex/pdftex-def/pdftex.def
File: pdftex.def 2011/05/27 v0.06d Graphics/color for pdfTeX

(/usr/share/texlive/texmf-dist/tex/generic/oberdiek/infwarerr.sty
Package: infwarerr 2010/04/08 v1.3 Providing info/warning/error messages (HO)
)
(/usr/share/texlive/texmf-dist/tex/generic/oberdiek/ltxcmds.sty
Package: ltxcmds 2011/11/09 v1.22 LaTeX kernel commands for general use (HO)
)
\Gread@gobject=\count87
))
\Gin@req@height=\dimen103
\Gin@req@width=\dimen104
)
(/usr/share/texlive/texmf-dist/tex/latex/graphics/color.sty
Package: color 2016/01/03 v1.1b Standard LaTeX Color (DPC)

(/usr/share/texlive/texmf-dist/tex/latex/latexconfig/color.cfg
File: color.cfg 2007/01/18 v1.5 color configuration of teTeX/TeXLive
)
Package color Info: Driver file: pdftex.def on input line 143.
)
(/usr/share/texlive/texmf-dist/tex/latex/colortbl/colortbl.sty
Package: colortbl 2012/02/13 v1.0a Color table columns (DPC)

(/usr/share/texlive/texmf-dist/tex/latex/tools/array.sty
Package: array 2014/10/28 v2.4c Tabular extension package (FMi)
\col@sep=\dimen105
\extrarowheight=\dimen106
\NC@list=\toks15
\extratabsurround=\skip43
\backup@length=\skip44
)
\everycr=\toks16
\minrowclearance=\skip45
)
(/usr/share/texlive/texmf-dist/tex/latex/preprint/fullpage.sty
Package: fullpage 1999/02/23 1.1 (PWD)
\FP@margin=\skip46
)
(/usr/share/texlive/texmf-dist/tex/latex/mathtools/mathtools.sty
Package: mathtools 2015/11/12 v1.18 mathematical typesetting tools

(/usr/share/texlive/texmf-dist/tex/latex/tools/calc.sty
Package: calc 2014/10/28 v4.3 Infix arithmetic (KKT,FJ)
\calc@Acount=\count88
\calc@Bcount=\count89
\calc@Adimen=\dimen107
\calc@Bdimen=\dimen108
\calc@Askip=\skip47
\calc@Bskip=\skip48
LaTeX Info: Redefining \setlength on input line 80.
LaTeX Info: Redefining \addtolength on input line 81.
\calc@Ccount=\count90
\calc@Cskip=\skip49
)
(/usr/share/texlive/texmf-dist/tex/latex/mathtools/mhsetup.sty
Package: mhsetup 2010/01/21 v1.2a programming setup (MH)
)
(/usr/share/texlive/texmf-dist/tex/latex/amsmath/amsmath.sty
Package: amsmath 2016/03/03 v2.15a AMS math features
\@mathmargin=\skip50

For additional information on amsmath, use the `?' option.
(/usr/share/texlive/texmf-dist/tex/latex/amsmath/amstext.sty
Package: amstext 2000/06/29 v2.01 AMS text

(/usr/share/texlive/texmf-dist/tex/latex/amsmath/amsgen.sty
File: amsgen.sty 1999/11/30 v2.0 generic functions
\@emptytoks=\toks17
\ex@=\dimen109
))
(/usr/share/texlive/texmf-dist/tex/latex/amsmath/amsbsy.sty
Package: amsbsy 1999/11/29 v1.2d Bold Symbols
\pmbraise@=\dimen110
)
(/usr/share/texlive/texmf-dist/tex/latex/amsmath/amsopn.sty
Package: amsopn 1999/12/14 v2.01 operator names
)
\inf@bad=\count91
LaTeX Info: Redefining \frac on input line 199.
\uproot@=\count92
\leftroot@=\count93
LaTeX Info: Redefining \overline on input line 297.
\classnum@=\count94
\DOTSCASE@=\count95
LaTeX Info: Redefining \ldots on input line 394.
LaTeX Info: Redefining \dots on input line 397.
LaTeX Info: Redefining \cdots on input line 518.
\Mathstrutbox@=\box26
\strutbox@=\box27
\big@size=\dimen111
LaTeX Font Info:    Redeclaring font encoding OML on input line 630.
LaTeX Font Info:    Redeclaring font encoding OMS on input line 631.
\macc@depth=\count96
\c@MaxMatrixCols=\count97
\dotsspace@=\muskip10
\c@parentequation=\count98
\dspbrk@lvl=\count99
\tag@help=\toks18
\row@=\count100
\column@=\count101
\maxfields@=\count102
\andhelp@=\toks19
\eqnshift@=\dimen112
\alignsep@=\dimen113
\tagshift@=\dimen114
\tagwidth@=\dimen115
\totwidth@=\dimen116
\lineht@=\dimen117
\@envbody=\toks20
\multlinegap=\skip51
\multlinetaggap=\skip52
\mathdisplay@stack=\toks21
LaTeX Info: Redefining \[ on input line 2735.
LaTeX Info: Redefining \] on input line 2736.
)
LaTeX Info: Thecontrolsequence`\('isalreadyrobust on input line 129.
LaTeX Info: Thecontrolsequence`\)'isalreadyrobust on input line 129.
LaTeX Info: Thecontrolsequence`\['isalreadyrobust on input line 129.
LaTeX Info: Thecontrolsequence`\]'isalreadyrobust on input line 129.
\g_MT_multlinerow_int=\count103
\l_MT_multwidth_dim=\dimen118
\origjot=\skip53
\l_MT_shortvdotswithinadjustabove_dim=\dimen119
\l_MT_shortvdotswithinadjustbelow_dim=\dimen120
\l_MT_above_intertext_sep=\dimen121
\l_MT_below_intertext_sep=\dimen122
\l_MT_above_shortintertext_sep=\dimen123
\l_MT_below_shortintertext_sep=\dimen124
)
(/usr/share/texlive/texmf-dist/tex/latex/natbib/natbib.sty
Package: natbib 2010/09/13 8.31b (PWD, AO)
\bibhang=\skip54
\bibsep=\skip55
LaTeX Info: Redefining \cite on input line 694.
\c@NAT@ctr=\count104
)
(/usr/share/texlive/texmf-dist/tex/latex/amsfonts/amsfonts.sty
Package: amsfonts 2013/01/14 v3.01 Basic AMSFonts support
\symAMSa=\mathgroup6
\symAMSb=\mathgroup7
LaTeX Font Info:    Overwriting math alphabet `\mathfrak' in version `bold'
(Font)                  U/euf/m/n --> U/euf/b/n on input line 106.
)
(/usr/share/texlive/texmf-dist/tex/latex/caption/caption.sty
Package: caption 2016/02/21 v3.3-144 Customizing captions (AR)

(/usr/share/texlive/texmf-dist/tex/latex/caption/caption3.sty
Package: caption3 2016/02/04 v1.7-139 caption3 kernel (AR)
Package caption3 Info: TeX engine: e-TeX on input line 67.
\captionmargin=\dimen125
\captionmargin@=\dimen126
\captionwidth=\dimen127
\caption@tempdima=\dimen128
\caption@indent=\dimen129
\caption@parindent=\dimen130
\caption@hangindent=\dimen131
)
\c@ContinuedFloat=\count105
)
(/usr/share/texlive/texmf-dist/tex/latex/caption/subcaption.sty
Package: subcaption 2016/02/20 v1.1-142 Sub-captions (AR)
\c@subfigure=\count106
\c@subtable=\count107
)
(/usr/share/texlive/texmf-dist/tex/latex/tools/bm.sty
Package: bm 2014/10/28 v1.1c Bold Symbol Support (DPC/FMi)
LaTeX Info: Redefining \bm on input line 207.
)
(/usr/share/texlive/texmf-dist/tex/latex/wrapfig/wrapfig.sty
\wrapoverhang=\dimen132
\WF@size=\dimen133
\c@WF@wrappedlines=\count108
\WF@box=\box28
\WF@everypar=\toks22
Package: wrapfig 2003/01/31  v 3.6
)
(/usr/share/texlive/texmf-dist/tex/latex/tools/enumerate.sty
Package: enumerate 2015/07/23 v3.00 enumerate extensions (DPC)
\@enLab=\toks23
)
(/usr/share/texlive/texmf-dist/tex/latex/rotating/rotating.sty
Package: rotating 2009/03/28 v2.16a rotated objects in LaTeX

(/usr/share/texlive/texmf-dist/tex/latex/base/ifthen.sty
Package: ifthen 2014/09/29 v1.1c Standard LaTeX ifthen package (DPC)
)
\c@r@tfl@t=\count109
\rotFPtop=\skip56
\rotFPbot=\skip57
\rot@float@box=\box29
\rot@mess@toks=\toks24
)
(/usr/share/texlive/texmf-dist/tex/latex/multirow/multirow.sty
\bigstrutjot=\dimen134
)
(/usr/share/texlive/texmf-dist/tex/latex/tools/tabularx.sty
Package: tabularx 2014/10/28 v2.10 `tabularx' package (DPC)
\TX@col@width=\dimen135
\TX@old@table=\dimen136
\TX@old@col=\dimen137
\TX@target=\dimen138
\TX@delta=\dimen139
\TX@cols=\count110
\TX@ftn=\toks25
)
(/usr/share/texlive/texmf-dist/tex/latex/pgf/frontendlayer/tikz.sty
(/usr/share/texlive/texmf-dist/tex/latex/pgf/basiclayer/pgf.sty
(/usr/share/texlive/texmf-dist/tex/latex/pgf/utilities/pgfrcs.sty
(/usr/share/texlive/texmf-dist/tex/generic/pgf/utilities/pgfutil-common.tex
\pgfutil@everybye=\toks26
\pgfutil@tempdima=\dimen140
\pgfutil@tempdimb=\dimen141

(/usr/share/texlive/texmf-dist/tex/generic/pgf/utilities/pgfutil-common-lists.t
ex)) (/usr/share/texlive/texmf-dist/tex/generic/pgf/utilities/pgfutil-latex.def
\pgfutil@abb=\box30
(/usr/share/texlive/texmf-dist/tex/latex/ms/everyshi.sty
Package: everyshi 2001/05/15 v3.00 EveryShipout Package (MS)
))
(/usr/share/texlive/texmf-dist/tex/generic/pgf/utilities/pgfrcs.code.tex
Package: pgfrcs 2015/08/07 v3.0.1a (rcs-revision 1.31)
))
Package: pgf 2015/08/07 v3.0.1a (rcs-revision 1.15)

(/usr/share/texlive/texmf-dist/tex/latex/pgf/basiclayer/pgfcore.sty
(/usr/share/texlive/texmf-dist/tex/latex/pgf/systemlayer/pgfsys.sty
(/usr/share/texlive/texmf-dist/tex/generic/pgf/systemlayer/pgfsys.code.tex
Package: pgfsys 2014/07/09 v3.0.1a (rcs-revision 1.48)

(/usr/share/texlive/texmf-dist/tex/generic/pgf/utilities/pgfkeys.code.tex
\pgfkeys@pathtoks=\toks27
\pgfkeys@temptoks=\toks28

(/usr/share/texlive/texmf-dist/tex/generic/pgf/utilities/pgfkeysfiltered.code.t
ex
\pgfkeys@tmptoks=\toks29
))
\pgf@x=\dimen142
\pgf@y=\dimen143
\pgf@xa=\dimen144
\pgf@ya=\dimen145
\pgf@xb=\dimen146
\pgf@yb=\dimen147
\pgf@xc=\dimen148
\pgf@yc=\dimen149
\w@pgf@writea=\write3
\r@pgf@reada=\read1
\c@pgf@counta=\count111
\c@pgf@countb=\count112
\c@pgf@countc=\count113
\c@pgf@countd=\count114
\t@pgf@toka=\toks30
\t@pgf@tokb=\toks31
\t@pgf@tokc=\toks32
 (/usr/share/texlive/texmf-dist/tex/generic/pgf/systemlayer/pgf.cfg
File: pgf.cfg 2008/05/14  (rcs-revision 1.7)
)
Driver file for pgf: pgfsys-pdftex.def

(/usr/share/texlive/texmf-dist/tex/generic/pgf/systemlayer/pgfsys-pdftex.def
File: pgfsys-pdftex.def 2014/10/11  (rcs-revision 1.35)

(/usr/share/texlive/texmf-dist/tex/generic/pgf/systemlayer/pgfsys-common-pdf.de
f
File: pgfsys-common-pdf.def 2013/10/10  (rcs-revision 1.13)
)))
(/usr/share/texlive/texmf-dist/tex/generic/pgf/systemlayer/pgfsyssoftpath.code.
tex
File: pgfsyssoftpath.code.tex 2013/09/09  (rcs-revision 1.9)
\pgfsyssoftpath@smallbuffer@items=\count115
\pgfsyssoftpath@bigbuffer@items=\count116
)
(/usr/share/texlive/texmf-dist/tex/generic/pgf/systemlayer/pgfsysprotocol.code.
tex
File: pgfsysprotocol.code.tex 2006/10/16  (rcs-revision 1.4)
)) (/usr/share/texlive/texmf-dist/tex/latex/xcolor/xcolor.sty
Package: xcolor 2007/01/21 v2.11 LaTeX color extensions (UK)

(/usr/share/texlive/texmf-dist/tex/latex/latexconfig/color.cfg
File: color.cfg 2007/01/18 v1.5 color configuration of teTeX/TeXLive
)
Package xcolor Info: Driver file: pdftex.def on input line 225.
LaTeX Info: Redefining \color on input line 702.
Package xcolor Info: Model `cmy' substituted by `cmy0' on input line 1337.
Package xcolor Info: Model `hsb' substituted by `rgb' on input line 1341.
Package xcolor Info: Model `RGB' extended on input line 1353.
Package xcolor Info: Model `HTML' substituted by `rgb' on input line 1355.
Package xcolor Info: Model `Hsb' substituted by `hsb' on input line 1356.
Package xcolor Info: Model `tHsb' substituted by `hsb' on input line 1357.
Package xcolor Info: Model `HSB' substituted by `hsb' on input line 1358.
Package xcolor Info: Model `Gray' substituted by `gray' on input line 1359.
Package xcolor Info: Model `wave' substituted by `hsb' on input line 1360.
)
(/usr/share/texlive/texmf-dist/tex/generic/pgf/basiclayer/pgfcore.code.tex
Package: pgfcore 2010/04/11 v3.0.1a (rcs-revision 1.7)

(/usr/share/texlive/texmf-dist/tex/generic/pgf/math/pgfmath.code.tex
(/usr/share/texlive/texmf-dist/tex/generic/pgf/math/pgfmathcalc.code.tex
(/usr/share/texlive/texmf-dist/tex/generic/pgf/math/pgfmathutil.code.tex)
(/usr/share/texlive/texmf-dist/tex/generic/pgf/math/pgfmathparser.code.tex
\pgfmath@dimen=\dimen150
\pgfmath@count=\count117
\pgfmath@box=\box31
\pgfmath@toks=\toks33
\pgfmath@stack@operand=\toks34
\pgfmath@stack@operation=\toks35
)
(/usr/share/texlive/texmf-dist/tex/generic/pgf/math/pgfmathfunctions.code.tex
(/usr/share/texlive/texmf-dist/tex/generic/pgf/math/pgfmathfunctions.basic.code
.tex)
(/usr/share/texlive/texmf-dist/tex/generic/pgf/math/pgfmathfunctions.trigonomet
ric.code.tex)
(/usr/share/texlive/texmf-dist/tex/generic/pgf/math/pgfmathfunctions.random.cod
e.tex)
(/usr/share/texlive/texmf-dist/tex/generic/pgf/math/pgfmathfunctions.comparison
.code.tex)
(/usr/share/texlive/texmf-dist/tex/generic/pgf/math/pgfmathfunctions.base.code.
tex)
(/usr/share/texlive/texmf-dist/tex/generic/pgf/math/pgfmathfunctions.round.code
.tex)
(/usr/share/texlive/texmf-dist/tex/generic/pgf/math/pgfmathfunctions.misc.code.
tex)
(/usr/share/texlive/texmf-dist/tex/generic/pgf/math/pgfmathfunctions.integerari
thmetics.code.tex)))
(/usr/share/texlive/texmf-dist/tex/generic/pgf/math/pgfmathfloat.code.tex
\c@pgfmathroundto@lastzeros=\count118
))
(/usr/share/texlive/texmf-dist/tex/generic/pgf/basiclayer/pgfcorepoints.code.te
x
File: pgfcorepoints.code.tex 2013/10/07  (rcs-revision 1.27)
\pgf@picminx=\dimen151
\pgf@picmaxx=\dimen152
\pgf@picminy=\dimen153
\pgf@picmaxy=\dimen154
\pgf@pathminx=\dimen155
\pgf@pathmaxx=\dimen156
\pgf@pathminy=\dimen157
\pgf@pathmaxy=\dimen158
\pgf@xx=\dimen159
\pgf@xy=\dimen160
\pgf@yx=\dimen161
\pgf@yy=\dimen162
\pgf@zx=\dimen163
\pgf@zy=\dimen164
)
(/usr/share/texlive/texmf-dist/tex/generic/pgf/basiclayer/pgfcorepathconstruct.
code.tex
File: pgfcorepathconstruct.code.tex 2013/10/07  (rcs-revision 1.29)
\pgf@path@lastx=\dimen165
\pgf@path@lasty=\dimen166
)
(/usr/share/texlive/texmf-dist/tex/generic/pgf/basiclayer/pgfcorepathusage.code
.tex
File: pgfcorepathusage.code.tex 2014/11/02  (rcs-revision 1.24)
\pgf@shorten@end@additional=\dimen167
\pgf@shorten@start@additional=\dimen168
)
(/usr/share/texlive/texmf-dist/tex/generic/pgf/basiclayer/pgfcorescopes.code.te
x
File: pgfcorescopes.code.tex 2015/05/08  (rcs-revision 1.46)
\pgfpic=\box32
\pgf@hbox=\box33
\pgf@layerbox@main=\box34
\pgf@picture@serial@count=\count119
)
(/usr/share/texlive/texmf-dist/tex/generic/pgf/basiclayer/pgfcoregraphicstate.c
ode.tex
File: pgfcoregraphicstate.code.tex 2014/11/02  (rcs-revision 1.12)
\pgflinewidth=\dimen169
)
(/usr/share/texlive/texmf-dist/tex/generic/pgf/basiclayer/pgfcoretransformation
s.code.tex
File: pgfcoretransformations.code.tex 2015/08/07  (rcs-revision 1.20)
\pgf@pt@x=\dimen170
\pgf@pt@y=\dimen171
\pgf@pt@temp=\dimen172
)
(/usr/share/texlive/texmf-dist/tex/generic/pgf/basiclayer/pgfcorequick.code.tex
File: pgfcorequick.code.tex 2008/10/09  (rcs-revision 1.3)
)
(/usr/share/texlive/texmf-dist/tex/generic/pgf/basiclayer/pgfcoreobjects.code.t
ex
File: pgfcoreobjects.code.tex 2006/10/11  (rcs-revision 1.2)
)
(/usr/share/texlive/texmf-dist/tex/generic/pgf/basiclayer/pgfcorepathprocessing
.code.tex
File: pgfcorepathprocessing.code.tex 2013/09/09  (rcs-revision 1.9)
)
(/usr/share/texlive/texmf-dist/tex/generic/pgf/basiclayer/pgfcorearrows.code.te
x
File: pgfcorearrows.code.tex 2015/05/14  (rcs-revision 1.43)
\pgfarrowsep=\dimen173
)
(/usr/share/texlive/texmf-dist/tex/generic/pgf/basiclayer/pgfcoreshade.code.tex
File: pgfcoreshade.code.tex 2013/07/15  (rcs-revision 1.15)
\pgf@max=\dimen174
\pgf@sys@shading@range@num=\count120
)
(/usr/share/texlive/texmf-dist/tex/generic/pgf/basiclayer/pgfcoreimage.code.tex
File: pgfcoreimage.code.tex 2013/07/15  (rcs-revision 1.18)

(/usr/share/texlive/texmf-dist/tex/generic/pgf/basiclayer/pgfcoreexternal.code.
tex
File: pgfcoreexternal.code.tex 2014/07/09  (rcs-revision 1.21)
\pgfexternal@startupbox=\box35
))
(/usr/share/texlive/texmf-dist/tex/generic/pgf/basiclayer/pgfcorelayers.code.te
x
File: pgfcorelayers.code.tex 2013/07/18  (rcs-revision 1.7)
)
(/usr/share/texlive/texmf-dist/tex/generic/pgf/basiclayer/pgfcoretransparency.c
ode.tex
File: pgfcoretransparency.code.tex 2013/09/30  (rcs-revision 1.5)
)
(/usr/share/texlive/texmf-dist/tex/generic/pgf/basiclayer/pgfcorepatterns.code.
tex
File: pgfcorepatterns.code.tex 2013/11/07  (rcs-revision 1.5)
)))
(/usr/share/texlive/texmf-dist/tex/generic/pgf/modules/pgfmoduleshapes.code.tex
File: pgfmoduleshapes.code.tex 2014/03/21  (rcs-revision 1.35)
\pgfnodeparttextbox=\box36
) (/usr/share/texlive/texmf-dist/tex/generic/pgf/modules/pgfmoduleplot.code.tex
File: pgfmoduleplot.code.tex 2015/08/03  (rcs-revision 1.13)
)
(/usr/share/texlive/texmf-dist/tex/latex/pgf/compatibility/pgfcomp-version-0-65
.sty
Package: pgfcomp-version-0-65 2007/07/03 v3.0.1a (rcs-revision 1.7)
\pgf@nodesepstart=\dimen175
\pgf@nodesepend=\dimen176
)
(/usr/share/texlive/texmf-dist/tex/latex/pgf/compatibility/pgfcomp-version-1-18
.sty
Package: pgfcomp-version-1-18 2007/07/23 v3.0.1a (rcs-revision 1.1)
)) (/usr/share/texlive/texmf-dist/tex/latex/pgf/utilities/pgffor.sty
(/usr/share/texlive/texmf-dist/tex/latex/pgf/utilities/pgfkeys.sty
(/usr/share/texlive/texmf-dist/tex/generic/pgf/utilities/pgfkeys.code.tex))
(/usr/share/texlive/texmf-dist/tex/latex/pgf/math/pgfmath.sty
(/usr/share/texlive/texmf-dist/tex/generic/pgf/math/pgfmath.code.tex))
(/usr/share/texlive/texmf-dist/tex/generic/pgf/utilities/pgffor.code.tex
Package: pgffor 2013/12/13 v3.0.1a (rcs-revision 1.25)

(/usr/share/texlive/texmf-dist/tex/generic/pgf/math/pgfmath.code.tex)
\pgffor@iter=\dimen177
\pgffor@skip=\dimen178
\pgffor@stack=\toks36
\pgffor@toks=\toks37
))
(/usr/share/texlive/texmf-dist/tex/generic/pgf/frontendlayer/tikz/tikz.code.tex
Package: tikz 2015/08/07 v3.0.1a (rcs-revision 1.151)

(/usr/share/texlive/texmf-dist/tex/generic/pgf/libraries/pgflibraryplothandlers
.code.tex
File: pgflibraryplothandlers.code.tex 2013/08/31 v3.0.1a (rcs-revision 1.20)
\pgf@plot@mark@count=\count121
\pgfplotmarksize=\dimen179
)
\tikz@lastx=\dimen180
\tikz@lasty=\dimen181
\tikz@lastxsaved=\dimen182
\tikz@lastysaved=\dimen183
\tikzleveldistance=\dimen184
\tikzsiblingdistance=\dimen185
\tikz@figbox=\box37
\tikz@figbox@bg=\box38
\tikz@tempbox=\box39
\tikz@tempbox@bg=\box40
\tikztreelevel=\count122
\tikznumberofchildren=\count123
\tikznumberofcurrentchild=\count124
\tikz@fig@count=\count125

(/usr/share/texlive/texmf-dist/tex/generic/pgf/modules/pgfmodulematrix.code.tex
File: pgfmodulematrix.code.tex 2013/09/17  (rcs-revision 1.8)
\pgfmatrixcurrentrow=\count126
\pgfmatrixcurrentcolumn=\count127
\pgf@matrix@numberofcolumns=\count128
)
\tikz@expandcount=\count129

(/usr/share/texlive/texmf-dist/tex/generic/pgf/frontendlayer/tikz/libraries/tik
zlibrarytopaths.code.tex
File: tikzlibrarytopaths.code.tex 2008/06/17 v3.0.1a (rcs-revision 1.2)
)))
(/usr/share/texlive/texmf-dist/tex/latex/pgfplots/pgfplots.sty
(/usr/share/texlive/texmf-dist/tex/generic/pgfplots/pgfplots.revision.tex)
Package: pgfplots 2016/01/06 v1.13 Data Visualization (1.13)

(/usr/share/texlive/texmf-dist/tex/generic/pgfplots/pgfplots.code.tex
(/usr/share/texlive/texmf-dist/tex/generic/pgfplots/pgfplotscore.code.tex
\t@pgfplots@toka=\toks38
\t@pgfplots@tokb=\toks39
\t@pgfplots@tokc=\toks40
\pgfplots@tmpa=\dimen186
\c@pgfplots@coordindex=\count130
\c@pgfplots@scanlineindex=\count131

(/usr/share/texlive/texmf-dist/tex/generic/pgfplots/sys/pgfplotssysgeneric.code
.tex))
(/usr/share/texlive/texmf-dist/tex/generic/pgfplots/libs/pgfplotslibrary.code.t
ex)
(/usr/share/texlive/texmf-dist/tex/generic/pgfplots/oldpgfcompatib/pgfplotsoldp
gfsupp_loader.code.tex
(/usr/share/texlive/texmf-dist/tex/generic/pgf/libraries/pgflibraryfpu.code.tex
)
Package pgfplots: loading complementary arithmetics for your pgf version...

(/usr/share/texlive/texmf-dist/tex/generic/pgfplots/oldpgfcompatib/pgfplotsoldp
gfsupp_pgflibraryfpu.code.tex)
(/usr/share/texlive/texmf-dist/tex/generic/pgfplots/oldpgfcompatib/pgfplotsoldp
gfsupp_pgfmathfloat.code.tex
\c@pgfmathroundto@lastzeros=\count132
))
(/usr/share/texlive/texmf-dist/tex/generic/pgfplots/util/pgfplotsutil.code.tex
(/usr/share/texlive/texmf-dist/tex/generic/pgfplots/liststructure/pgfplotslists
tructure.code.tex)
(/usr/share/texlive/texmf-dist/tex/generic/pgfplots/liststructure/pgfplotslists
tructureext.code.tex)
(/usr/share/texlive/texmf-dist/tex/generic/pgfplots/liststructure/pgfplotsarray
.code.tex
\c@pgfplotsarray@tmp=\count133
)
(/usr/share/texlive/texmf-dist/tex/generic/pgfplots/liststructure/pgfplotsmatri
x.code.tex)
(/usr/share/texlive/texmf-dist/tex/generic/pgfplots/numtable/pgfplotstableshare
d.code.tex
\c@pgfplotstable@counta=\count134
\t@pgfplotstable@a=\toks41
)
(/usr/share/texlive/texmf-dist/tex/generic/pgfplots/liststructure/pgfplotsdeque
.code.tex)
(/usr/share/texlive/texmf-dist/tex/generic/pgfplots/util/pgfplotsbinary.code.te
x
(/usr/share/texlive/texmf-dist/tex/generic/pgfplots/util/pgfplotsbinary.data.co
de.tex))
(/usr/share/texlive/texmf-dist/tex/generic/pgfplots/util/pgfplotsutil.verb.code
.tex)
(/usr/share/texlive/texmf-dist/tex/generic/pgfplots/libs/pgflibrarypgfplots.sur
fshading.code.tex
\c@pgfplotslibrarysurf@no=\count135

(/usr/share/texlive/texmf-dist/tex/generic/pgfplots/sys/pgflibrarypgfplots.surf
shading.pgfsys-pdftex.def)))
(/usr/share/texlive/texmf-dist/tex/generic/pgfplots/util/pgfplotscolormap.code.
tex
(/usr/share/texlive/texmf-dist/tex/generic/pgfplots/util/pgfplotscolor.code.tex
))
(/usr/share/texlive/texmf-dist/tex/generic/pgfplots/pgfplotsstackedplots.code.t
ex)
(/usr/share/texlive/texmf-dist/tex/generic/pgfplots/pgfplotsplothandlers.code.t
ex
(/usr/share/texlive/texmf-dist/tex/generic/pgfplots/pgfplotsmeshplothandler.cod
e.tex
(/usr/share/texlive/texmf-dist/tex/generic/pgfplots/pgfplotsmeshplotimage.code.
tex)))
(/usr/share/texlive/texmf-dist/tex/generic/pgfplots/pgfplots.scaling.code.tex)
(/usr/share/texlive/texmf-dist/tex/generic/pgfplots/pgfplotscoordprocessing.cod
e.tex)
(/usr/share/texlive/texmf-dist/tex/generic/pgfplots/pgfplots.errorbars.code.tex
) (/usr/share/texlive/texmf-dist/tex/generic/pgfplots/pgfplots.markers.code.tex
) (/usr/share/texlive/texmf-dist/tex/generic/pgfplots/pgfplotsticks.code.tex)
(/usr/share/texlive/texmf-dist/tex/generic/pgfplots/pgfplots.paths.code.tex)
(/usr/share/texlive/texmf-dist/tex/generic/pgf/frontendlayer/tikz/libraries/tik
zlibrarydecorations.code.tex
(/usr/share/texlive/texmf-dist/tex/generic/pgf/modules/pgfmoduledecorations.cod
e.tex
\pgfdecoratedcompleteddistance=\dimen187
\pgfdecoratedremainingdistance=\dimen188
\pgfdecoratedinputsegmentcompleteddistance=\dimen189
\pgfdecoratedinputsegmentremainingdistance=\dimen190
\pgf@decorate@distancetomove=\dimen191
\pgf@decorate@repeatstate=\count136
\pgfdecorationsegmentamplitude=\dimen192
\pgfdecorationsegmentlength=\dimen193
)
\tikz@lib@dec@box=\box41
)
(/usr/share/texlive/texmf-dist/tex/generic/pgf/frontendlayer/tikz/libraries/tik
zlibrarydecorations.pathmorphing.code.tex
(/usr/share/texlive/texmf-dist/tex/generic/pgf/libraries/decorations/pgflibrary
decorations.pathmorphing.code.tex))
(/usr/share/texlive/texmf-dist/tex/generic/pgf/frontendlayer/tikz/libraries/tik
zlibrarydecorations.pathreplacing.code.tex
(/usr/share/texlive/texmf-dist/tex/generic/pgf/libraries/decorations/pgflibrary
decorations.pathreplacing.code.tex))
\pgfplots@numplots=\count137
\pgfplots@xmin@reg=\dimen194
\pgfplots@xmax@reg=\dimen195
\pgfplots@ymin@reg=\dimen196
\pgfplots@ymax@reg=\dimen197
\pgfplots@zmin@reg=\dimen198
\pgfplots@zmax@reg=\dimen199
)
(/usr/share/texlive/texmf-dist/tex/generic/pgf/frontendlayer/tikz/libraries/tik
zlibraryplotmarks.code.tex
File: tikzlibraryplotmarks.code.tex 2008/01/09 v3.0.1a (rcs-revision 1.1)

(/usr/share/texlive/texmf-dist/tex/generic/pgf/libraries/pgflibraryplotmarks.co
de.tex
File: pgflibraryplotmarks.code.tex 2015/08/03 v3.0.1a (rcs-revision 1.14)
))) (/usr/share/texlive/texmf-dist/tex/latex/tocloft/tocloft.sty
Package: tocloft 2013/05/02 v2.3f parameterised ToC, etc., typesetting
Package tocloft Info: The document has section divisions on input line 44.
\cftparskip=\skip58
\cftbeforetoctitleskip=\skip59
\cftaftertoctitleskip=\skip60
\cftbeforepartskip=\skip61
\cftpartnumwidth=\skip62
\cftpartindent=\skip63
\cftbeforesecskip=\skip64
\cftsecindent=\skip65
\cftsecnumwidth=\skip66
\cftbeforesubsecskip=\skip67
\cftsubsecindent=\skip68
\cftsubsecnumwidth=\skip69
\cftbeforesubsubsecskip=\skip70
\cftsubsubsecindent=\skip71
\cftsubsubsecnumwidth=\skip72
\cftbeforeparaskip=\skip73
\cftparaindent=\skip74
\cftparanumwidth=\skip75
\cftbeforesubparaskip=\skip76
\cftsubparaindent=\skip77
\cftsubparanumwidth=\skip78
\cftbeforeloftitleskip=\skip79
\cftafterloftitleskip=\skip80
\cftbeforefigskip=\skip81
\cftfigindent=\skip82
\cftfignumwidth=\skip83
\cftbeforelottitleskip=\skip84
\cftafterlottitleskip=\skip85
\cftbeforetabskip=\skip86
\cfttabindent=\skip87
\cfttabnumwidth=\skip88
\cftbeforesubfigskip=\skip89
\cftsubfigindent=\skip90
\cftsubfignumwidth=\skip91
\cftbeforesubtabskip=\skip92
\cftsubtabindent=\skip93
\cftsubtabnumwidth=\skip94
)
(/usr/share/texlive/texmf-dist/tex/latex/bbm-macros/bbm.sty
Package: bbm 1999/03/15 V 1.2 provides fonts for set symbols - TH
LaTeX Font Info:    Overwriting math alphabet `\mathbbm' in version `bold'
(Font)                  U/bbm/m/n --> U/bbm/bx/n on input line 33.
LaTeX Font Info:    Overwriting math alphabet `\mathbbmss' in version `bold'
(Font)                  U/bbmss/m/n --> U/bbmss/bx/n on input line 35.
)
\legendLineOne=\box42

pdfTeX warning (Object streams): \pdfobjcompresslevel > 0 requires \pdfminorver
sion > 4. Object streams disabled now.
<legend-line-1.pdf, id=4, 21.07875pt x 7.02625pt>
File: legend-line-1.pdf Graphic file (type pdf)
 <use legend-line-1.pdf>
Package pdftex.def Info: legend-line-1.pdf used on input line 154.
(pdftex.def)             Requested size: 21.07867pt x 7.02621pt.
\legendLineTwo=\box43

<legend-line-2.pdf, id=5, 21.07875pt x 7.02625pt>
File: legend-line-2.pdf Graphic file (type pdf)
 <use legend-line-2.pdf>
Package pdftex.def Info: legend-line-2.pdf used on input line 159.
(pdftex.def)             Requested size: 21.07867pt x 7.02621pt.
\legendLineThree=\box44

<legend-line-3.pdf, id=6, 21.07875pt x 7.02625pt>
File: legend-line-3.pdf Graphic file (type pdf)
 <use legend-line-3.pdf>
Package pdftex.def Info: legend-line-3.pdf used on input line 164.
(pdftex.def)             Requested size: 21.07867pt x 7.02621pt.
\legendLineFour=\box45

<legend-line-4.pdf, id=7, 21.07875pt x 7.02625pt>
File: legend-line-4.pdf Graphic file (type pdf)
 <use legend-line-4.pdf>
Package pdftex.def Info: legend-line-4.pdf used on input line 169.
(pdftex.def)             Requested size: 21.07867pt x 7.02621pt.
\legendLineFive=\box46

<legend-line-5.pdf, id=8, 21.07875pt x 7.02625pt>
File: legend-line-5.pdf Graphic file (type pdf)
 <use legend-line-5.pdf>
Package pdftex.def Info: legend-line-5.pdf used on input line 174.
(pdftex.def)             Requested size: 21.07867pt x 7.02621pt.
\legendBlueTriangle=\box47

<legend-line-blue-triangle.pdf, id=9, 21.07875pt x 7.02625pt>
File: legend-line-blue-triangle.pdf Graphic file (type pdf)

<use legend-line-blue-triangle.pdf>
Package pdftex.def Info: legend-line-blue-triangle.pdf used on input line 179.
(pdftex.def)             Requested size: 21.07867pt x 7.02621pt.
\legendBlackRectangle=\box48

<legend-line-black-rectangle.pdf, id=10, 21.07875pt x 7.02625pt>
File: legend-line-black-rectangle.pdf Graphic file (type pdf)

<use legend-line-black-rectangle.pdf>
Package pdftex.def Info: legend-line-black-rectangle.pdf used on input line 184
.
(pdftex.def)             Requested size: 21.07867pt x 7.02621pt.
 (./sv-high-freq-7-11-2016.aux)
\openout1 = `sv-high-freq-7-11-2016.aux'.

LaTeX Font Info:    Checking defaults for OML/cmm/m/it on input line 191.
LaTeX Font Info:    ... okay on input line 191.
LaTeX Font Info:    Checking defaults for T1/cmr/m/n on input line 191.
LaTeX Font Info:    ... okay on input line 191.
LaTeX Font Info:    Checking defaults for OT1/cmr/m/n on input line 191.
LaTeX Font Info:    ... okay on input line 191.
LaTeX Font Info:    Checking defaults for OMS/pzccm/m/n on input line 191.
LaTeX Font Info:    Try loading font information for OMS+pzccm on input line 19
1.

(/usr/share/texlive/texmf-dist/tex/latex/psnfss/omspzccm.fd
File: omspzccm.fd 2000/01/03 Fontinst v1.801 font definitions for OMS/pzccm.
)
LaTeX Font Info:    ... okay on input line 191.
LaTeX Font Info:    Checking defaults for OMX/cmex/m/n on input line 191.
LaTeX Font Info:    ... okay on input line 191.
LaTeX Font Info:    Checking defaults for U/cmr/m/n on input line 191.
LaTeX Font Info:    ... okay on input line 191.
LaTeX Font Info:    Try loading font information for OT1+ppl on input line 191.


(/usr/share/texlive/texmf-dist/tex/latex/psnfss/ot1ppl.fd
File: ot1ppl.fd 2001/06/04 font definitions for OT1/ppl.
)
(/usr/share/texlive/texmf-dist/tex/context/base/supp-pdf.mkii
[Loading MPS to PDF converter (version 2006.09.02).]
\scratchcounter=\count138
\scratchdimen=\dimen256
\scratchbox=\box49
\nofMPsegments=\count139
\nofMParguments=\count140
\everyMPshowfont=\toks42
\MPscratchCnt=\count141
\MPscratchDim=\dimen257
\MPnumerator=\count142
\makeMPintoPDFobject=\count143
\everyMPtoPDFconversion=\toks43
) (/usr/share/texlive/texmf-dist/tex/generic/oberdiek/pdftexcmds.sty
Package: pdftexcmds 2011/11/29 v0.20 Utility functions of pdfTeX for LuaTeX (HO
)

(/usr/share/texlive/texmf-dist/tex/generic/oberdiek/ifluatex.sty
Package: ifluatex 2010/03/01 v1.3 Provides the ifluatex switch (HO)
Package ifluatex Info: LuaTeX not detected.
)
(/usr/share/texlive/texmf-dist/tex/generic/oberdiek/ifpdf.sty
Package: ifpdf 2011/01/30 v2.3 Provides the ifpdf switch (HO)
Package ifpdf Info: pdfTeX in PDF mode is detected.
)
Package pdftexcmds Info: LuaTeX not detected.
Package pdftexcmds Info: \pdf@primitive is available.
Package pdftexcmds Info: \pdf@ifprimitive is available.
Package pdftexcmds Info: \pdfdraftmode found.
)
(/usr/share/texlive/texmf-dist/tex/latex/oberdiek/epstopdf-base.sty
Package: epstopdf-base 2010/02/09 v2.5 Base part for package epstopdf

(/usr/share/texlive/texmf-dist/tex/latex/oberdiek/grfext.sty
Package: grfext 2010/08/19 v1.1 Manage graphics extensions (HO)

(/usr/share/texlive/texmf-dist/tex/generic/oberdiek/kvdefinekeys.sty
Package: kvdefinekeys 2011/04/07 v1.3 Define keys (HO)
))
(/usr/share/texlive/texmf-dist/tex/latex/oberdiek/kvoptions.sty
Package: kvoptions 2011/06/30 v3.11 Key value format for package options (HO)

(/usr/share/texlive/texmf-dist/tex/generic/oberdiek/kvsetkeys.sty
Package: kvsetkeys 2012/04/25 v1.16 Key value parser (HO)

(/usr/share/texlive/texmf-dist/tex/generic/oberdiek/etexcmds.sty
Package: etexcmds 2011/02/16 v1.5 Avoid name clashes with e-TeX commands (HO)
Package etexcmds Info: Could not find \expanded.
(etexcmds)             That can mean that you are not using pdfTeX 1.50 or
(etexcmds)             that some package has redefined \expanded.
(etexcmds)             In the latter case, load this package earlier.
)))
Package grfext Info: Graphics extension search list:
(grfext)             [.png,.pdf,.jpg,.mps,.jpeg,.jbig2,.jb2,.PNG,.PDF,.JPG,.JPE
G,.JBIG2,.JB2,.eps]
(grfext)             \AppendGraphicsExtensions on input line 452.

(/usr/share/texlive/texmf-dist/tex/latex/latexconfig/epstopdf-sys.cfg
File: epstopdf-sys.cfg 2010/07/13 v1.3 Configuration of (r)epstopdf for TeX Liv
e
))
Package caption Info: Begin \AtBeginDocument code.
Package caption Info: rotating package is loaded.
Package caption Info: wrapfig package is loaded.
Package caption Info: End \AtBeginDocument code.

ABD: EveryShipout initializing macros

Package pgfplots Warning: running in backwards compatibility mode (unsuitable t
ick labels; missing features). Consider writing \pgfplotsset{compat=1.13} into 
your preamble.
 on input line 191.

LaTeX Font Info:    Font shape `OT1/ppl/bx/n' in size <17.28> not available
(Font)              Font shape `OT1/ppl/b/n' tried instead on input line 201.
LaTeX Font Info:    Try loading font information for OT1+ptmcm on input line 20
1.
(/usr/share/texlive/texmf-dist/tex/latex/psnfss/ot1ptmcm.fd
File: ot1ptmcm.fd 2000/01/03 Fontinst v1.801 font definitions for OT1/ptmcm.
)
LaTeX Font Info:    Try loading font information for OML+ptmcm on input line 20
1.

(/usr/share/texlive/texmf-dist/tex/latex/psnfss/omlptmcm.fd
File: omlptmcm.fd 2000/01/03 Fontinst v1.801 font definitions for OML/ptmcm.
)
LaTeX Font Info:    Try loading font information for OMX+psycm on input line 20
1.

(/usr/share/texlive/texmf-dist/tex/latex/psnfss/omxpsycm.fd
File: omxpsycm.fd 2000/01/03 Fontinst v1.801 font definitions for OMX/psycm.
)
LaTeX Font Info:    Font shape `OT1/ptm/bx/n' in size <12> not available
(Font)              Font shape `OT1/ptm/b/n' tried instead on input line 201.
LaTeX Font Info:    Font shape `OT1/ptm/bx/n' in size <9> not available
(Font)              Font shape `OT1/ptm/b/n' tried instead on input line 201.
LaTeX Font Info:    Font shape `OT1/ptm/bx/n' in size <7> not available
(Font)              Font shape `OT1/ptm/b/n' tried instead on input line 201.
LaTeX Font Info:    Try loading font information for U+msa on input line 201.

(/usr/share/texlive/texmf-dist/tex/latex/amsfonts/umsa.fd
File: umsa.fd 2013/01/14 v3.01 AMS symbols A
)
LaTeX Font Info:    Try loading font information for U+msb on input line 201.

(/usr/share/texlive/texmf-dist/tex/latex/amsfonts/umsb.fd
File: umsb.fd 2013/01/14 v3.01 AMS symbols B
)
LaTeX Font Info:    Font shape `OT1/ppl/bx/n' in size <9> not available
(Font)              Font shape `OT1/ppl/b/n' tried instead on input line 217.
LaTeX Font Info:    Font shape `OT1/ppl/bx/n' in size <14.4> not available
(Font)              Font shape `OT1/ppl/b/n' tried instead on input line 224.
 [1

{/var/lib/texmf/fonts/map/pdftex/updmap/pdftex.map}]
LaTeX Font Info:    Font shape `OT1/ptm/bx/n' in size <10> not available
(Font)              Font shape `OT1/ptm/b/n' tried instead on input line 238.
LaTeX Font Info:    Font shape `OT1/ptm/bx/n' in size <7.4> not available
(Font)              Font shape `OT1/ptm/b/n' tried instead on input line 238.
LaTeX Font Info:    Font shape `OT1/ptm/bx/n' in size <6> not available
(Font)              Font shape `OT1/ptm/b/n' tried instead on input line 238.
 [2] [3]
Overfull \vbox (0.59991pt too high) detected at line 341
 []


LaTeX Warning: The counter will not be printed.
             The label is:  on input line 366.

[4]
LaTeX Font Info:    Font shape `OT1/ppl/bx/n' in size <10> not available
(Font)              Font shape `OT1/ppl/b/n' tried instead on input line 370.
LaTeX Font Info:    Try loading font information for U+bbm on input line 384.
 (/usr/share/texlive/texmf-dist/tex/latex/bbm-macros/ubbm.fd
File: ubbm.fd 1999/03/15 V 1.2 Font definition for bbm font - TH
) [5]
./sv-high-freq-7-11-2016.tex:447: Double superscript.
<argument> ...ar {\lambda \Delta ^*} &= \Delta ^*^
                                                  2 \frac {a_\lambda }{b_\la...
l.447   \end{align}
                   
I treat `x^1^2' essentially like `x^1{}^2'.

./sv-high-freq-7-11-2016.tex:447: Double superscript.
<argument> ...ar {\lambda \Delta ^*} &= \Delta ^*^
                                                  2 \frac {a_\lambda }{b_\la...
l.447   \end{align}
                   
I treat `x^1^2' essentially like `x^1{}^2'.

[6]
LaTeX Font Info:    Font shape `OT1/ptm/bx/n' in size <14.4> not available
(Font)              Font shape `OT1/ptm/b/n' tried instead on input line 499.
LaTeX Font Info:    Font shape `OT1/ptm/bx/n' in size <10.95> not available
(Font)              Font shape `OT1/ptm/b/n' tried instead on input line 499.
LaTeX Font Info:    Font shape `OT1/ptm/bx/n' in size <8> not available
(Font)              Font shape `OT1/ptm/b/n' tried instead on input line 499.
 [7] [8]
LaTeX Font Info:    Font shape `OT1/ppl/bx/n' in size <12> not available
(Font)              Font shape `OT1/ppl/b/n' tried instead on input line 552.

Underfull \hbox (badness 1142) in paragraph at lines 569--569
\OT1/ppl/m/n/10 of the an-nu-al-ized volatil-ity for the price, the cor-
 []


Underfull \hbox (badness 2547) in paragraph at lines 569--569
\OT1/ppl/m/n/10 (1st, 10th, 50th, 90th, 99th) per-centiles given by
 []


Underfull \hbox (badness 1142) in paragraph at lines 570--570
\OT1/ppl/m/n/10 of the an-nu-al-ized volatil-ity for the price, the cor-
 []


Underfull \hbox (badness 2547) in paragraph at lines 570--570
\OT1/ppl/m/n/10 (1st, 10th, 50th, 90th, 99th) per-centiles given by
 []


LaTeX Warning: `!h' float specifier changed to `!ht'.

[9] [10]
<results-simulation-10003-bid-ask-noise-plots-VOL-PATHS-microstructure-VOL-PATH
S-XI-0-dt-3e05-SDs-0.png, id=55, 216.81pt x 216.81pt>
File: results-simulation-10003-bid-ask-noise-plots-VOL-PATHS-microstructure-VOL
-PATHS-XI-0-dt-3e05-SDs-0.png Graphic file (type png)

<use results-simulation-10003-bid-ask-noise-plots-VOL-PATHS-microstructure-VOL-
PATHS-XI-0-dt-3e05-SDs-0.png>
Package pdftex.def Info: results-simulation-10003-bid-ask-noise-plots-VOL-PATHS
-microstructure-VOL-PATHS-XI-0-dt-3e05-SDs-0.png used on input line 626.
(pdftex.def)             Requested size: 135.50624pt x 135.51253pt.

<results-simulation-10003-bid-ask-noise-plots-VOL-PATHS-microstructure-VOL-PATH
S-XI-2.5e-07-dt-3e05-SDs-0.png, id=56, 216.81pt x 216.81pt>
File: results-simulation-10003-bid-ask-noise-plots-VOL-PATHS-microstructure-VOL
-PATHS-XI-2.5e-07-dt-3e05-SDs-0.png Graphic file (type png)

<use results-simulation-10003-bid-ask-noise-plots-VOL-PATHS-microstructure-VOL-
PATHS-XI-2.5e-07-dt-3e05-SDs-0.png>
Package pdftex.def Info: results-simulation-10003-bid-ask-noise-plots-VOL-PATHS
-microstructure-VOL-PATHS-XI-2.5e-07-dt-3e05-SDs-0.png used on input line 630.
(pdftex.def)             Requested size: 135.50624pt x 135.51253pt.

<results-simulation-10003-bid-ask-noise-plots-VOL-PATHS-microstructure-VOL-PATH
S-XI-Inf-dt-3e05-SDs-0.png, id=57, 216.81pt x 216.81pt>
File: results-simulation-10003-bid-ask-noise-plots-VOL-PATHS-microstructure-VOL
-PATHS-XI-Inf-dt-3e05-SDs-0.png Graphic file (type png)

<use results-simulation-10003-bid-ask-noise-plots-VOL-PATHS-microstructure-VOL-
PATHS-XI-Inf-dt-3e05-SDs-0.png>
Package pdftex.def Info: results-simulation-10003-bid-ask-noise-plots-VOL-PATHS
-microstructure-VOL-PATHS-XI-Inf-dt-3e05-SDs-0.png used on input line 634.
(pdftex.def)             Requested size: 135.50624pt x 135.51253pt.

<results-simulation-10003-bid-ask-noise-plots-VOL-PATHS-microstructure-VOL-PATH
S-XI-0-dt-15000-SDs-0.png, id=58, 216.81pt x 216.81pt>
File: results-simulation-10003-bid-ask-noise-plots-VOL-PATHS-microstructure-VOL
-PATHS-XI-0-dt-15000-SDs-0.png Graphic file (type png)

<use results-simulation-10003-bid-ask-noise-plots-VOL-PATHS-microstructure-VOL-
PATHS-XI-0-dt-15000-SDs-0.png>
Package pdftex.def Info: results-simulation-10003-bid-ask-noise-plots-VOL-PATHS
-microstructure-VOL-PATHS-XI-0-dt-15000-SDs-0.png used on input line 640.
(pdftex.def)             Requested size: 135.50624pt x 135.51253pt.

<results-simulation-10003-bid-ask-noise-plots-VOL-PATHS-microstructure-VOL-PATH
S-XI-2.5e-07-dt-15000-SDs-0.png, id=59, 216.81pt x 216.81pt>
File: results-simulation-10003-bid-ask-noise-plots-VOL-PATHS-microstructure-VOL
-PATHS-XI-2.5e-07-dt-15000-SDs-0.png Graphic file (type png)

<use results-simulation-10003-bid-ask-noise-plots-VOL-PATHS-microstructure-VOL-
PATHS-XI-2.5e-07-dt-15000-SDs-0.png>
Package pdftex.def Info: results-simulation-10003-bid-ask-noise-plots-VOL-PATHS
-microstructure-VOL-PATHS-XI-2.5e-07-dt-15000-SDs-0.png used on input line 644.

(pdftex.def)             Requested size: 135.50624pt x 135.51253pt.

<results-simulation-10003-bid-ask-noise-plots-VOL-PATHS-microstructure-VOL-PATH
S-XI-Inf-dt-15000-SDs-0.png, id=60, 216.81pt x 216.81pt>
File: results-simulation-10003-bid-ask-noise-plots-VOL-PATHS-microstructure-VOL
-PATHS-XI-Inf-dt-15000-SDs-0.png Graphic file (type png)

<use results-simulation-10003-bid-ask-noise-plots-VOL-PATHS-microstructure-VOL-
PATHS-XI-Inf-dt-15000-SDs-0.png>
Package pdftex.def Info: results-simulation-10003-bid-ask-noise-plots-VOL-PATHS
-microstructure-VOL-PATHS-XI-Inf-dt-15000-SDs-0.png used on input line 648.
(pdftex.def)             Requested size: 135.50624pt x 135.51253pt.

<results-simulation-10003-bid-ask-noise-plots-VOL-PATHS-microstructure-VOL-PATH
S-XI-0-dt-5000-SDs-0.png, id=61, 216.81pt x 216.81pt>
File: results-simulation-10003-bid-ask-noise-plots-VOL-PATHS-microstructure-VOL
-PATHS-XI-0-dt-5000-SDs-0.png Graphic file (type png)

<use results-simulation-10003-bid-ask-noise-plots-VOL-PATHS-microstructure-VOL-
PATHS-XI-0-dt-5000-SDs-0.png>
Package pdftex.def Info: results-simulation-10003-bid-ask-noise-plots-VOL-PATHS
-microstructure-VOL-PATHS-XI-0-dt-5000-SDs-0.png used on input line 654.
(pdftex.def)             Requested size: 135.50624pt x 135.51253pt.

<results-simulation-10003-bid-ask-noise-plots-VOL-PATHS-microstructure-VOL-PATH
S-XI-2.5e-07-dt-5000-SDs-0.png, id=62, 216.81pt x 216.81pt>
File: results-simulation-10003-bid-ask-noise-plots-VOL-PATHS-microstructure-VOL
-PATHS-XI-2.5e-07-dt-5000-SDs-0.png Graphic file (type png)

<use results-simulation-10003-bid-ask-noise-plots-VOL-PATHS-microstructure-VOL-
PATHS-XI-2.5e-07-dt-5000-SDs-0.png>
Package pdftex.def Info: results-simulation-10003-bid-ask-noise-plots-VOL-PATHS
-microstructure-VOL-PATHS-XI-2.5e-07-dt-5000-SDs-0.png used on input line 658.
(pdftex.def)             Requested size: 135.50624pt x 135.51253pt.

<results-simulation-10003-bid-ask-noise-plots-VOL-PATHS-microstructure-VOL-PATH
S-XI-Inf-dt-5000-SDs-0.png, id=63, 216.81pt x 216.81pt>
File: results-simulation-10003-bid-ask-noise-plots-VOL-PATHS-microstructure-VOL
-PATHS-XI-Inf-dt-5000-SDs-0.png Graphic file (type png)

<use results-simulation-10003-bid-ask-noise-plots-VOL-PATHS-microstructure-VOL-
PATHS-XI-Inf-dt-5000-SDs-0.png>
Package pdftex.def Info: results-simulation-10003-bid-ask-noise-plots-VOL-PATHS
-microstructure-VOL-PATHS-XI-Inf-dt-5000-SDs-0.png used on input line 662.
(pdftex.def)             Requested size: 135.50624pt x 135.51253pt.

<results-simulation-10003-bid-ask-noise-plots-ALPHAS-microstructure-ALPHA-XI-0-
SDs-0.pdf, id=64, 216.81pt x 216.81pt>
File: results-simulation-10003-bid-ask-noise-plots-ALPHAS-microstructure-ALPHA-
XI-0-SDs-0.pdf Graphic file (type pdf)

<use results-simulation-10003-bid-ask-noise-plots-ALPHAS-microstructure-ALPHA-X
I-0-SDs-0.pdf>
Package pdftex.def Info: results-simulation-10003-bid-ask-noise-plots-ALPHAS-mi
crostructure-ALPHA-XI-0-SDs-0.pdf used on input line 677.
(pdftex.def)             Requested size: 108.40334pt x 108.40472pt.

<results-simulation-10003-bid-ask-noise-plots-ALPHAS-microstructure-ALPHA-XI-2.
5e-07-SDs-0.pdf, id=65, 216.81pt x 216.81pt>
File: results-simulation-10003-bid-ask-noise-plots-ALPHAS-microstructure-ALPHA-
XI-2.5e-07-SDs-0.pdf Graphic file (type pdf)

<use results-simulation-10003-bid-ask-noise-plots-ALPHAS-microstructure-ALPHA-X
I-2.5e-07-SDs-0.pdf>
Package pdftex.def Info: results-simulation-10003-bid-ask-noise-plots-ALPHAS-mi
crostructure-ALPHA-XI-2.5e-07-SDs-0.pdf used on input line 681.
(pdftex.def)             Requested size: 108.40334pt x 108.40472pt.

<results-simulation-10003-bid-ask-noise-plots-ALPHAS-microstructure-ALPHA-XI-In
f-SDs-0.pdf, id=66, 216.81pt x 216.81pt>
File: results-simulation-10003-bid-ask-noise-plots-ALPHAS-microstructure-ALPHA-
XI-Inf-SDs-0.pdf Graphic file (type pdf)

<use results-simulation-10003-bid-ask-noise-plots-ALPHAS-microstructure-ALPHA-X
I-Inf-SDs-0.pdf>
Package pdftex.def Info: results-simulation-10003-bid-ask-noise-plots-ALPHAS-mi
crostructure-ALPHA-XI-Inf-SDs-0.pdf used on input line 685.
(pdftex.def)             Requested size: 108.40334pt x 108.40472pt.

Overfull \hbox (1.63716pt too wide) in paragraph at lines 688--689
[]|[]| 
 []


<results-simulation-10003-bid-ask-noise-plots-TAUS-SQ-microstructure-TAU-SQ-XI-
0-SDs-0.pdf, id=67, 216.81pt x 216.81pt>
File: results-simulation-10003-bid-ask-noise-plots-TAUS-SQ-microstructure-TAU-S
Q-XI-0-SDs-0.pdf Graphic file (type pdf)

<use results-simulation-10003-bid-ask-noise-plots-TAUS-SQ-microstructure-TAU-SQ
-XI-0-SDs-0.pdf>
Package pdftex.def Info: results-simulation-10003-bid-ask-noise-plots-TAUS-SQ-m
icrostructure-TAU-SQ-XI-0-SDs-0.pdf used on input line 691.
(pdftex.def)             Requested size: 108.40334pt x 108.40472pt.

<results-simulation-10003-bid-ask-noise-plots-TAUS-SQ-microstructure-TAU-SQ-XI-
2.5e-07-SDs-0.pdf, id=68, 216.81pt x 216.81pt>
File: results-simulation-10003-bid-ask-noise-plots-TAUS-SQ-microstructure-TAU-S
Q-XI-2.5e-07-SDs-0.pdf Graphic file (type pdf)

<use results-simulation-10003-bid-ask-noise-plots-TAUS-SQ-microstructure-TAU-SQ
-XI-2.5e-07-SDs-0.pdf>
Package pdftex.def Info: results-simulation-10003-bid-ask-noise-plots-TAUS-SQ-m
icrostructure-TAU-SQ-XI-2.5e-07-SDs-0.pdf used on input line 695.
(pdftex.def)             Requested size: 108.40334pt x 108.40472pt.

<results-simulation-10003-bid-ask-noise-plots-TAUS-SQ-microstructure-TAU-SQ-XI-
Inf-SDs-0.pdf, id=69, 216.81pt x 216.81pt>
File: results-simulation-10003-bid-ask-noise-plots-TAUS-SQ-microstructure-TAU-S
Q-XI-Inf-SDs-0.pdf Graphic file (type pdf)

<use results-simulation-10003-bid-ask-noise-plots-TAUS-SQ-microstructure-TAU-SQ
-XI-Inf-SDs-0.pdf>
Package pdftex.def Info: results-simulation-10003-bid-ask-noise-plots-TAUS-SQ-m
icrostructure-TAU-SQ-XI-Inf-SDs-0.pdf used on input line 699.
(pdftex.def)             Requested size: 108.40334pt x 108.40472pt.

Overfull \hbox (2.13162pt too wide) in paragraph at lines 702--703
[]|[]| 
 []


<results-simulation-10003-bid-ask-noise-plots-PHIS-microstructure-PHI-XI-0-SDs-
0.pdf, id=70, 216.81pt x 216.81pt>
File: results-simulation-10003-bid-ask-noise-plots-PHIS-microstructure-PHI-XI-0
-SDs-0.pdf Graphic file (type pdf)

<use results-simulation-10003-bid-ask-noise-plots-PHIS-microstructure-PHI-XI-0-
SDs-0.pdf>
Package pdftex.def Info: results-simulation-10003-bid-ask-noise-plots-PHIS-micr
ostructure-PHI-XI-0-SDs-0.pdf used on input line 705.
(pdftex.def)             Requested size: 108.40334pt x 108.40472pt.

<results-simulation-10003-bid-ask-noise-plots-PHIS-microstructure-PHI-XI-2.5e-0
7-SDs-0.pdf, id=71, 216.81pt x 216.81pt>
File: results-simulation-10003-bid-ask-noise-plots-PHIS-microstructure-PHI-XI-2
.5e-07-SDs-0.pdf Graphic file (type pdf)

<use results-simulation-10003-bid-ask-noise-plots-PHIS-microstructure-PHI-XI-2.
5e-07-SDs-0.pdf>
Package pdftex.def Info: results-simulation-10003-bid-ask-noise-plots-PHIS-micr
ostructure-PHI-XI-2.5e-07-SDs-0.pdf used on input line 709.
(pdftex.def)             Requested size: 108.40334pt x 108.40472pt.

<results-simulation-10003-bid-ask-noise-plots-PHIS-microstructure-PHI-XI-Inf-SD
s-0.pdf, id=72, 216.81pt x 216.81pt>
File: results-simulation-10003-bid-ask-noise-plots-PHIS-microstructure-PHI-XI-I
nf-SDs-0.pdf Graphic file (type pdf)

<use results-simulation-10003-bid-ask-noise-plots-PHIS-microstructure-PHI-XI-In
f-SDs-0.pdf>
Package pdftex.def Info: results-simulation-10003-bid-ask-noise-plots-PHIS-micr
ostructure-PHI-XI-Inf-SDs-0.pdf used on input line 713.
(pdftex.def)             Requested size: 108.40334pt x 108.40472pt.

Overfull \hbox (1.66673pt too wide) in paragraph at lines 716--717
[]|[]| 
 []


<results-simulation-10003-bid-ask-noise-plots-MUS-microstructure-MU-XI-0-SDs-0.
pdf, id=73, 216.81pt x 216.81pt>
File: results-simulation-10003-bid-ask-noise-plots-MUS-microstructure-MU-XI-0-S
Ds-0.pdf Graphic file (type pdf)

<use results-simulation-10003-bid-ask-noise-plots-MUS-microstructure-MU-XI-0-SD
s-0.pdf>
Package pdftex.def Info: results-simulation-10003-bid-ask-noise-plots-MUS-micro
structure-MU-XI-0-SDs-0.pdf used on input line 719.
(pdftex.def)             Requested size: 108.40334pt x 108.40472pt.

<results-simulation-10003-bid-ask-noise-plots-MUS-microstructure-MU-XI-2.5e-07-
SDs-0.pdf, id=74, 216.81pt x 216.81pt>
File: results-simulation-10003-bid-ask-noise-plots-MUS-microstructure-MU-XI-2.5
e-07-SDs-0.pdf Graphic file (type pdf)

<use results-simulation-10003-bid-ask-noise-plots-MUS-microstructure-MU-XI-2.5e
-07-SDs-0.pdf>
Package pdftex.def Info: results-simulation-10003-bid-ask-noise-plots-MUS-micro
structure-MU-XI-2.5e-07-SDs-0.pdf used on input line 723.
(pdftex.def)             Requested size: 108.40334pt x 108.40472pt.

<results-simulation-10003-bid-ask-noise-plots-MUS-microstructure-MU-XI-Inf-SDs-
0.pdf, id=75, 216.81pt x 216.81pt>
File: results-simulation-10003-bid-ask-noise-plots-MUS-microstructure-MU-XI-Inf
-SDs-0.pdf Graphic file (type pdf)

<use results-simulation-10003-bid-ask-noise-plots-MUS-microstructure-MU-XI-Inf-
SDs-0.pdf>
Package pdftex.def Info: results-simulation-10003-bid-ask-noise-plots-MUS-micro
structure-MU-XI-Inf-SDs-0.pdf used on input line 727.
(pdftex.def)             Requested size: 108.40334pt x 108.40472pt.

Overfull \hbox (3.7222pt too wide) in paragraph at lines 729--730
[]|[]| 
 []


<results-simulation-10003-bid-ask-noise-plots-microstructure-XI.pdf, id=76, 216
.81pt x 216.81pt>
File: results-simulation-10003-bid-ask-noise-plots-microstructure-XI.pdf Graphi
c file (type pdf)

<use results-simulation-10003-bid-ask-noise-plots-microstructure-XI.pdf>
Package pdftex.def Info: results-simulation-10003-bid-ask-noise-plots-microstru
cture-XI.pdf used on input line 734.
(pdftex.def)             Requested size: 108.40334pt x 108.40472pt.


LaTeX Warning: `!h' float specifier changed to `!ht'.


<results-real-data-plots-VOL-PATHS-microstructure-VOL-PATHS-XI-0-dt-3e05-SDs-0.
png, id=77, 216.81pt x 216.81pt>
File: results-real-data-plots-VOL-PATHS-microstructure-VOL-PATHS-XI-0-dt-3e05-S
Ds-0.png Graphic file (type png)

<use results-real-data-plots-VOL-PATHS-microstructure-VOL-PATHS-XI-0-dt-3e05-SD
s-0.png>
Package pdftex.def Info: results-real-data-plots-VOL-PATHS-microstructure-VOL-P
ATHS-XI-0-dt-3e05-SDs-0.png used on input line 780.
(pdftex.def)             Requested size: 135.50624pt x 135.51253pt.

<results-real-data-plots-VOL-PATHS-microstructure-VOL-PATHS-XI-2.5e-07-dt-3e05-
SDs-0.png, id=78, 216.81pt x 216.81pt>
File: results-real-data-plots-VOL-PATHS-microstructure-VOL-PATHS-XI-2.5e-07-dt-
3e05-SDs-0.png Graphic file (type png)

<use results-real-data-plots-VOL-PATHS-microstructure-VOL-PATHS-XI-2.5e-07-dt-3
e05-SDs-0.png>
Package pdftex.def Info: results-real-data-plots-VOL-PATHS-microstructure-VOL-P
ATHS-XI-2.5e-07-dt-3e05-SDs-0.png used on input line 784.
(pdftex.def)             Requested size: 135.50624pt x 135.51253pt.

<results-real-data-plots-VOL-PATHS-microstructure-VOL-PATHS-XI-Inf-dt-3e05-SDs-
0.png, id=79, 216.81pt x 216.81pt>
File: results-real-data-plots-VOL-PATHS-microstructure-VOL-PATHS-XI-Inf-dt-3e05
-SDs-0.png Graphic file (type png)

<use results-real-data-plots-VOL-PATHS-microstructure-VOL-PATHS-XI-Inf-dt-3e05-
SDs-0.png>
Package pdftex.def Info: results-real-data-plots-VOL-PATHS-microstructure-VOL-P
ATHS-XI-Inf-dt-3e05-SDs-0.png used on input line 788.
(pdftex.def)             Requested size: 135.50624pt x 135.51253pt.

<results-real-data-plots-VOL-PATHS-microstructure-VOL-PATHS-XI-0-dt-15000-SDs-0
.png, id=80, 216.81pt x 216.81pt>
File: results-real-data-plots-VOL-PATHS-microstructure-VOL-PATHS-XI-0-dt-15000-
SDs-0.png Graphic file (type png)

<use results-real-data-plots-VOL-PATHS-microstructure-VOL-PATHS-XI-0-dt-15000-S
Ds-0.png>
Package pdftex.def Info: results-real-data-plots-VOL-PATHS-microstructure-VOL-P
ATHS-XI-0-dt-15000-SDs-0.png used on input line 794.
(pdftex.def)             Requested size: 135.50624pt x 135.51253pt.

<results-real-data-plots-VOL-PATHS-microstructure-VOL-PATHS-XI-2.5e-07-dt-15000
-SDs-0.png, id=81, 216.81pt x 216.81pt>
File: results-real-data-plots-VOL-PATHS-microstructure-VOL-PATHS-XI-2.5e-07-dt-
15000-SDs-0.png Graphic file (type png)

<use results-real-data-plots-VOL-PATHS-microstructure-VOL-PATHS-XI-2.5e-07-dt-1
5000-SDs-0.png>
Package pdftex.def Info: results-real-data-plots-VOL-PATHS-microstructure-VOL-P
ATHS-XI-2.5e-07-dt-15000-SDs-0.png used on input line 798.
(pdftex.def)             Requested size: 135.50624pt x 135.51253pt.

<results-real-data-plots-VOL-PATHS-microstructure-VOL-PATHS-XI-Inf-dt-15000-SDs
-0.png, id=82, 216.81pt x 216.81pt>
File: results-real-data-plots-VOL-PATHS-microstructure-VOL-PATHS-XI-Inf-dt-1500
0-SDs-0.png Graphic file (type png)

<use results-real-data-plots-VOL-PATHS-microstructure-VOL-PATHS-XI-Inf-dt-15000
-SDs-0.png>
Package pdftex.def Info: results-real-data-plots-VOL-PATHS-microstructure-VOL-P
ATHS-XI-Inf-dt-15000-SDs-0.png used on input line 802.
(pdftex.def)             Requested size: 135.50624pt x 135.51253pt.

<results-real-data-plots-VOL-PATHS-microstructure-VOL-PATHS-XI-0-dt-5000-SDs-0.
png, id=83, 216.81pt x 216.81pt>
File: results-real-data-plots-VOL-PATHS-microstructure-VOL-PATHS-XI-0-dt-5000-S
Ds-0.png Graphic file (type png)

<use results-real-data-plots-VOL-PATHS-microstructure-VOL-PATHS-XI-0-dt-5000-SD
s-0.png>
Package pdftex.def Info: results-real-data-plots-VOL-PATHS-microstructure-VOL-P
ATHS-XI-0-dt-5000-SDs-0.png used on input line 808.
(pdftex.def)             Requested size: 135.50624pt x 135.51253pt.

<results-real-data-plots-VOL-PATHS-microstructure-VOL-PATHS-XI-2.5e-07-dt-5000-
SDs-0.png, id=84, 216.81pt x 216.81pt>
File: results-real-data-plots-VOL-PATHS-microstructure-VOL-PATHS-XI-2.5e-07-dt-
5000-SDs-0.png Graphic file (type png)

<use results-real-data-plots-VOL-PATHS-microstructure-VOL-PATHS-XI-2.5e-07-dt-5
000-SDs-0.png>
Package pdftex.def Info: results-real-data-plots-VOL-PATHS-microstructure-VOL-P
ATHS-XI-2.5e-07-dt-5000-SDs-0.png used on input line 812.
(pdftex.def)             Requested size: 135.50624pt x 135.51253pt.

<results-real-data-plots-VOL-PATHS-microstructure-VOL-PATHS-XI-Inf-dt-5000-SDs-
0.png, id=85, 216.81pt x 216.81pt>
File: results-real-data-plots-VOL-PATHS-microstructure-VOL-PATHS-XI-Inf-dt-5000
-SDs-0.png Graphic file (type png)

<use results-real-data-plots-VOL-PATHS-microstructure-VOL-PATHS-XI-Inf-dt-5000-
SDs-0.png>
Package pdftex.def Info: results-real-data-plots-VOL-PATHS-microstructure-VOL-P
ATHS-XI-Inf-dt-5000-SDs-0.png used on input line 816.
(pdftex.def)             Requested size: 135.50624pt x 135.51253pt.
 [11] [12 <./results-simulation-10003-bid-ask-noise-plots-VOL-PATHS-microstruct
ure-VOL-PATHS-XI-0-dt-3e05-SDs-0.png (PNG copy)> <./results-simulation-10003-bi
d-ask-noise-plots-VOL-PATHS-microstructure-VOL-PATHS-XI-2.5e-07-dt-3e05-SDs-0.p
ng (PNG copy)> <./results-simulation-10003-bid-ask-noise-plots-VOL-PATHS-micros
tructure-VOL-PATHS-XI-Inf-dt-3e05-SDs-0.png (PNG copy)> <./results-simulation-1
0003-bid-ask-noise-plots-VOL-PATHS-microstructure-VOL-PATHS-XI-0-dt-15000-SDs-0
.png (PNG copy)> <./results-simulation-10003-bid-ask-noise-plots-VOL-PATHS-micr
ostructure-VOL-PATHS-XI-2.5e-07-dt-15000-SDs-0.png (PNG copy)> <./results-simul
ation-10003-bid-ask-noise-plots-VOL-PATHS-microstructure-VOL-PATHS-XI-Inf-dt-15
000-SDs-0.png (PNG copy)> <./results-simulation-10003-bid-ask-noise-plots-VOL-P
ATHS-microstructure-VOL-PATHS-XI-0-dt-5000-SDs-0.png (PNG copy)> <./results-sim
ulation-10003-bid-ask-noise-plots-VOL-PATHS-microstructure-VOL-PATHS-XI-2.5e-07
-dt-5000-SDs-0.png (PNG copy)> <./results-simulation-10003-bid-ask-noise-plots-
VOL-PATHS-microstructure-VOL-PATHS-XI-Inf-dt-5000-SDs-0.png (PNG copy)>]
<results-real-data-plots-ALPHAS-microstructure-ALPHA-XI-0-SDs-0.pdf, id=92, 216
.81pt x 216.81pt>
File: results-real-data-plots-ALPHAS-microstructure-ALPHA-XI-0-SDs-0.pdf Graphi
c file (type pdf)

<use results-real-data-plots-ALPHAS-microstructure-ALPHA-XI-0-SDs-0.pdf>
Package pdftex.def Info: results-real-data-plots-ALPHAS-microstructure-ALPHA-XI
-0-SDs-0.pdf used on input line 849.
(pdftex.def)             Requested size: 108.40334pt x 108.40472pt.

<results-real-data-plots-ALPHAS-microstructure-ALPHA-XI-2.5e-07-SDs-0.pdf, id=9
3, 216.81pt x 216.81pt>
File: results-real-data-plots-ALPHAS-microstructure-ALPHA-XI-2.5e-07-SDs-0.pdf 
Graphic file (type pdf)

<use results-real-data-plots-ALPHAS-microstructure-ALPHA-XI-2.5e-07-SDs-0.pdf>
Package pdftex.def Info: results-real-data-plots-ALPHAS-microstructure-ALPHA-XI
-2.5e-07-SDs-0.pdf used on input line 853.
(pdftex.def)             Requested size: 108.40334pt x 108.40472pt.

<results-real-data-plots-ALPHAS-microstructure-ALPHA-XI-Inf-SDs-0.pdf, id=94, 2
16.81pt x 216.81pt>
File: results-real-data-plots-ALPHAS-microstructure-ALPHA-XI-Inf-SDs-0.pdf Grap
hic file (type pdf)

<use results-real-data-plots-ALPHAS-microstructure-ALPHA-XI-Inf-SDs-0.pdf>
Package pdftex.def Info: results-real-data-plots-ALPHAS-microstructure-ALPHA-XI
-Inf-SDs-0.pdf used on input line 857.
(pdftex.def)             Requested size: 108.40334pt x 108.40472pt.

Overfull \hbox (1.63716pt too wide) in paragraph at lines 860--861
[]|[]| 
 []


<results-real-data-plots-TAUS-SQ-microstructure-TAU-SQ-XI-0-SDs-0.pdf, id=95, 2
16.81pt x 216.81pt>
File: results-real-data-plots-TAUS-SQ-microstructure-TAU-SQ-XI-0-SDs-0.pdf Grap
hic file (type pdf)

<use results-real-data-plots-TAUS-SQ-microstructure-TAU-SQ-XI-0-SDs-0.pdf>
Package pdftex.def Info: results-real-data-plots-TAUS-SQ-microstructure-TAU-SQ-
XI-0-SDs-0.pdf used on input line 863.
(pdftex.def)             Requested size: 108.40334pt x 108.40472pt.

<results-real-data-plots-TAUS-SQ-microstructure-TAU-SQ-XI-2.5e-07-SDs-0.pdf, id
=96, 216.81pt x 216.81pt>
File: results-real-data-plots-TAUS-SQ-microstructure-TAU-SQ-XI-2.5e-07-SDs-0.pd
f Graphic file (type pdf)

<use results-real-data-plots-TAUS-SQ-microstructure-TAU-SQ-XI-2.5e-07-SDs-0.pdf
>
Package pdftex.def Info: results-real-data-plots-TAUS-SQ-microstructure-TAU-SQ-
XI-2.5e-07-SDs-0.pdf used on input line 867.
(pdftex.def)             Requested size: 108.40334pt x 108.40472pt.

<results-real-data-plots-TAUS-SQ-microstructure-TAU-SQ-XI-Inf-SDs-0.pdf, id=97,
 216.81pt x 216.81pt>
File: results-real-data-plots-TAUS-SQ-microstructure-TAU-SQ-XI-Inf-SDs-0.pdf Gr
aphic file (type pdf)

<use results-real-data-plots-TAUS-SQ-microstructure-TAU-SQ-XI-Inf-SDs-0.pdf>
Package pdftex.def Info: results-real-data-plots-TAUS-SQ-microstructure-TAU-SQ-
XI-Inf-SDs-0.pdf used on input line 871.
(pdftex.def)             Requested size: 108.40334pt x 108.40472pt.

Overfull \hbox (2.13162pt too wide) in paragraph at lines 874--875
[]|[]| 
 []


<results-real-data-plots-PHIS-microstructure-PHI-XI-0-SDs-0.pdf, id=98, 216.81p
t x 216.81pt>
File: results-real-data-plots-PHIS-microstructure-PHI-XI-0-SDs-0.pdf Graphic fi
le (type pdf)

<use results-real-data-plots-PHIS-microstructure-PHI-XI-0-SDs-0.pdf>
Package pdftex.def Info: results-real-data-plots-PHIS-microstructure-PHI-XI-0-S
Ds-0.pdf used on input line 877.
(pdftex.def)             Requested size: 108.40334pt x 108.40472pt.

<results-real-data-plots-PHIS-microstructure-PHI-XI-2.5e-07-SDs-0.pdf, id=99, 2
16.81pt x 216.81pt>
File: results-real-data-plots-PHIS-microstructure-PHI-XI-2.5e-07-SDs-0.pdf Grap
hic file (type pdf)

<use results-real-data-plots-PHIS-microstructure-PHI-XI-2.5e-07-SDs-0.pdf>
Package pdftex.def Info: results-real-data-plots-PHIS-microstructure-PHI-XI-2.5
e-07-SDs-0.pdf used on input line 881.
(pdftex.def)             Requested size: 108.40334pt x 108.40472pt.

<results-real-data-plots-PHIS-microstructure-PHI-XI-Inf-SDs-0.pdf, id=100, 216.
81pt x 216.81pt>
File: results-real-data-plots-PHIS-microstructure-PHI-XI-Inf-SDs-0.pdf Graphic 
file (type pdf)

<use results-real-data-plots-PHIS-microstructure-PHI-XI-Inf-SDs-0.pdf>
Package pdftex.def Info: results-real-data-plots-PHIS-microstructure-PHI-XI-Inf
-SDs-0.pdf used on input line 885.
(pdftex.def)             Requested size: 108.40334pt x 108.40472pt.

Overfull \hbox (1.66673pt too wide) in paragraph at lines 888--889
[]|[]| 
 []


<results-real-data-plots-MUS-microstructure-MU-XI-0-SDs-0.pdf, id=101, 216.81pt
 x 216.81pt>
File: results-real-data-plots-MUS-microstructure-MU-XI-0-SDs-0.pdf Graphic file
 (type pdf)

<use results-real-data-plots-MUS-microstructure-MU-XI-0-SDs-0.pdf>
Package pdftex.def Info: results-real-data-plots-MUS-microstructure-MU-XI-0-SDs
-0.pdf used on input line 891.
(pdftex.def)             Requested size: 108.40334pt x 108.40472pt.

<results-real-data-plots-MUS-microstructure-MU-XI-2.5e-07-SDs-0.pdf, id=102, 21
6.81pt x 216.81pt>
File: results-real-data-plots-MUS-microstructure-MU-XI-2.5e-07-SDs-0.pdf Graphi
c file (type pdf)

<use results-real-data-plots-MUS-microstructure-MU-XI-2.5e-07-SDs-0.pdf>
Package pdftex.def Info: results-real-data-plots-MUS-microstructure-MU-XI-2.5e-
07-SDs-0.pdf used on input line 895.
(pdftex.def)             Requested size: 108.40334pt x 108.40472pt.

<results-real-data-plots-MUS-microstructure-MU-XI-Inf-SDs-0.pdf, id=103, 216.81
pt x 216.81pt>
File: results-real-data-plots-MUS-microstructure-MU-XI-Inf-SDs-0.pdf Graphic fi
le (type pdf)

<use results-real-data-plots-MUS-microstructure-MU-XI-Inf-SDs-0.pdf>
Package pdftex.def Info: results-real-data-plots-MUS-microstructure-MU-XI-Inf-S
Ds-0.pdf used on input line 899.
(pdftex.def)             Requested size: 108.40334pt x 108.40472pt.

Overfull \hbox (3.7222pt too wide) in paragraph at lines 902--903
[]|[]| 
 []

<results-real-data-plots-microstructure-XI.pdf, id=104, 216.81pt x 216.81pt>
File: results-real-data-plots-microstructure-XI.pdf Graphic file (type pdf)

<use results-real-data-plots-microstructure-XI.pdf>
Package pdftex.def Info: results-real-data-plots-microstructure-XI.pdf used on 
input line 907.
(pdftex.def)             Requested size: 108.40334pt x 108.40472pt.


LaTeX Warning: `!h' float specifier changed to `!ht'.


<results-simulation-10013-bid-ask-noise-plots-ALPHAS-microstructure-ALPHA-XI-In
f-SDs-0.pdf, id=105, 216.81pt x 216.81pt>
File: results-simulation-10013-bid-ask-noise-plots-ALPHAS-microstructure-ALPHA-
XI-Inf-SDs-0.pdf Graphic file (type pdf)

<use results-simulation-10013-bid-ask-noise-plots-ALPHAS-microstructure-ALPHA-X
I-Inf-SDs-0.pdf>
Package pdftex.def Info: results-simulation-10013-bid-ask-noise-plots-ALPHAS-mi
crostructure-ALPHA-XI-Inf-SDs-0.pdf used on input line 928.
(pdftex.def)             Requested size: 243.90959pt x 243.92056pt.
 <alphas-increasing-T.pdf, id=106, 216.81pt x 216.81pt>
File: alphas-increasing-T.pdf Graphic file (type pdf)

<use alphas-increasing-T.pdf>
Package pdftex.def Info: alphas-increasing-T.pdf used on input line 932.
(pdftex.def)             Requested size: 243.90959pt x 243.92056pt.
 [13 <./results-simulation-10003-bid-ask-noise-plots-ALPHAS-microstructure-ALPH
A-XI-0-SDs-0.pdf> <./results-simulation-10003-bid-ask-noise-plots-ALPHAS-micros
tructure-ALPHA-XI-2.5e-07-SDs-0.pdf> <./results-simulation-10003-bid-ask-noise-
plots-ALPHAS-microstructure-ALPHA-XI-Inf-SDs-0.pdf> <./results-simulation-10003
-bid-ask-noise-plots-TAUS-SQ-microstructure-TAU-SQ-XI-0-SDs-0.pdf> <./results-s
imulation-10003-bid-ask-noise-plots-TAUS-SQ-microstructure-TAU-SQ-XI-2.5e-07-SD
s-0.pdf> <./results-simulation-10003-bid-ask-noise-plots-TAUS-SQ-microstructure
-TAU-SQ-XI-Inf-SDs-0.pdf> <./results-simulation-10003-bid-ask-noise-plots-PHIS-
microstructure-PHI-XI-0-SDs-0.pdf> <./results-simulation-10003-bid-ask-noise-pl
ots-PHIS-microstructure-PHI-XI-2.5e-07-SDs-0.pdf> <./results-simulation-10003-b
id-ask-noise-plots-PHIS-microstructure-PHI-XI-Inf-SDs-0.pdf> <./results-simulat
ion-10003-bid-ask-noise-plots-MUS-microstructure-MU-XI-0-SDs-0.pdf> <./results-
simulation-10003-bid-ask-noise-plots-MUS-microstructure-MU-XI-2.5e-07-SDs-0.pdf
> <./results-simulation-10003-bid-ask-noise-plots-MUS-microstructure-MU-XI-Inf-
SDs-0.pdf> <./results-simulation-10003-bid-ask-noise-plots-microstructure-XI.pd
f> <./legend-line-1.pdf> <./legend-line-2.pdf> <./legend-line-3.pdf> <./legend-
line-4.pdf>] [14 <./results-real-data-plots-VOL-PATHS-microstructure-VOL-PATHS-
XI-0-dt-3e05-SDs-0.png (PNG copy)> <./results-real-data-plots-VOL-PATHS-microst
ructure-VOL-PATHS-XI-2.5e-07-dt-3e05-SDs-0.png (PNG copy)> <./results-real-data
-plots-VOL-PATHS-microstructure-VOL-PATHS-XI-Inf-dt-3e05-SDs-0.png (PNG copy)> 
<./results-real-data-plots-VOL-PATHS-microstructure-VOL-PATHS-XI-0-dt-15000-SDs
-0.png (PNG copy)> <./results-real-data-plots-VOL-PATHS-microstructure-VOL-PATH
S-XI-2.5e-07-dt-15000-SDs-0.png (PNG copy)> <./results-real-data-plots-VOL-PATH
S-microstructure-VOL-PATHS-XI-Inf-dt-15000-SDs-0.png (PNG copy)> <./results-rea
l-data-plots-VOL-PATHS-microstructure-VOL-PATHS-XI-0-dt-5000-SDs-0.png (PNG cop
y)> <./results-real-data-plots-VOL-PATHS-microstructure-VOL-PATHS-XI-2.5e-07-dt
-5000-SDs-0.png (PNG copy)> <./results-real-data-plots-VOL-PATHS-microstructure
-VOL-PATHS-XI-Inf-dt-5000-SDs-0.png (PNG copy)>]

LaTeX Warning: `!h' float specifier changed to `!ht'.

[15 <./results-real-data-plots-ALPHAS-microstructure-ALPHA-XI-0-SDs-0.pdf> <./r
esults-real-data-plots-ALPHAS-microstructure-ALPHA-XI-2.5e-07-SDs-0.pdf> <./res
ults-real-data-plots-ALPHAS-microstructure-ALPHA-XI-Inf-SDs-0.pdf> <./results-r
eal-data-plots-TAUS-SQ-microstructure-TAU-SQ-XI-0-SDs-0.pdf> <./results-real-da
ta-plots-TAUS-SQ-microstructure-TAU-SQ-XI-2.5e-07-SDs-0.pdf> <./results-real-da
ta-plots-TAUS-SQ-microstructure-TAU-SQ-XI-Inf-SDs-0.pdf> <./results-real-data-p
lots-PHIS-microstructure-PHI-XI-0-SDs-0.pdf> <./results-real-data-plots-PHIS-mi
crostructure-PHI-XI-2.5e-07-SDs-0.pdf> <./results-real-data-plots-PHIS-microstr
ucture-PHI-XI-Inf-SDs-0.pdf> <./results-real-data-plots-MUS-microstructure-MU-X
I-0-SDs-0.pdf> <./results-real-data-plots-MUS-microstructure-MU-XI-2.5e-07-SDs-
0.pdf> <./results-real-data-plots-MUS-microstructure-MU-XI-Inf-SDs-0.pdf> <./re
sults-real-data-plots-microstructure-XI.pdf> <./legend-line-5.pdf>]

LaTeX Warning: File `../results-simulated-data/simulation-4/bid-ask-noise/tau-s
q-hat-fast-densities.png' not found on input line 953.


./sv-high-freq-7-11-2016.tex:953: Package pdftex.def Error: File `../results-si
mulated-data/simulation-4/bid-ask-noise/tau-sq-hat-fast-densities.png' not foun
d.

See the pdftex.def package documentation for explanation.
Type  H <return>  for immediate help.
 ...                                              
                                                  
l.953 ...-ask-noise/tau-sq-hat-fast-densities.png}
                                                  
Using draft setting for this image.
Try typing  <return>  to proceed.
If that doesn't work, type  X <return>  to quit.


LaTeX Warning: File `../results-simulated-data/simulation-4/bid-ask-noise/tau-s
q-hat-slow-densities.png' not found on input line 957.


./sv-high-freq-7-11-2016.tex:957: Package pdftex.def Error: File `../results-si
mulated-data/simulation-4/bid-ask-noise/tau-sq-hat-slow-densities.png' not foun
d.

See the pdftex.def package documentation for explanation.
Type  H <return>  for immediate help.
 ...                                              
                                                  
l.957 ...-ask-noise/tau-sq-hat-slow-densities.png}
                                                  
Using draft setting for this image.
Try typing  <return>  to proceed.
If that doesn't work, type  X <return>  to quit.


LaTeX Warning: File `../results-simulated-data/simulation-4/bid-ask-noise/theta
-hat-fast-densities.png' not found on input line 961.


./sv-high-freq-7-11-2016.tex:961: Package pdftex.def Error: File `../results-si
mulated-data/simulation-4/bid-ask-noise/theta-hat-fast-densities.png' not found
.

See the pdftex.def package documentation for explanation.
Type  H <return>  for immediate help.
 ...                                              
                                                  
l.961 ...d-ask-noise/theta-hat-fast-densities.png}
                                                  
Using draft setting for this image.
Try typing  <return>  to proceed.
If that doesn't work, type  X <return>  to quit.


LaTeX Warning: File `../results-simulated-data/simulation-4/bid-ask-noise/theta
-hat-slow-densities.png' not found on input line 965.


./sv-high-freq-7-11-2016.tex:965: Package pdftex.def Error: File `../results-si
mulated-data/simulation-4/bid-ask-noise/theta-hat-slow-densities.png' not found
.

See the pdftex.def package documentation for explanation.
Type  H <return>  for immediate help.
 ...                                              
                                                  
l.965 ...d-ask-noise/theta-hat-slow-densities.png}
                                                  
Using draft setting for this image.
Try typing  <return>  to proceed.
If that doesn't work, type  X <return>  to quit.


LaTeX Warning: File `../results-simulated-data/simulation-4/bid-ask-noise/rho-d
ensities.png' not found on input line 969.


./sv-high-freq-7-11-2016.tex:969: Package pdftex.def Error: File `../results-si
mulated-data/simulation-4/bid-ask-noise/rho-densities.png' not found.

See the pdftex.def package documentation for explanation.
Type  H <return>  for immediate help.
 ...                                              
                                                  
l.969 ...lation-4/bid-ask-noise/rho-densities.png}
                                                  
Using draft setting for this image.
Try typing  <return>  to proceed.
If that doesn't work, type  X <return>  to quit.


LaTeX Warning: File `../results-simulated-data/simulation-4/bid-ask-noise/alpha
-hat-densities.png' not found on input line 973.


./sv-high-freq-7-11-2016.tex:973: Package pdftex.def Error: File `../results-si
mulated-data/simulation-4/bid-ask-noise/alpha-hat-densities.png' not found.

See the pdftex.def package documentation for explanation.
Type  H <return>  for immediate help.
 ...                                              
                                                  
l.973 ...-4/bid-ask-noise/alpha-hat-densities.png}
                                                  
Using draft setting for this image.
Try typing  <return>  to proceed.
If that doesn't work, type  X <return>  to quit.


LaTeX Warning: Float too large for page by 39.3888pt on input line 977.


LaTeX Warning: File `../results-simulated-data/simulation-4/bid-ask-noise/times
eries-5000.png' not found on input line 984.


./sv-high-freq-7-11-2016.tex:984: Package pdftex.def Error: File `../results-si
mulated-data/simulation-4/bid-ask-noise/timeseries-5000.png' not found.

See the pdftex.def package documentation for explanation.
Type  H <return>  for immediate help.
 ...                                              
                                                  
l.984 ...tion-4/bid-ask-noise/timeseries-5000.png}
                                                  
Using draft setting for this image.
Try typing  <return>  to proceed.
If that doesn't work, type  X <return>  to quit.


LaTeX Warning: File `../results-simulated-data/simulation-4/bid-ask-noise/times
eries-1000.png' not found on input line 988.


./sv-high-freq-7-11-2016.tex:988: Package pdftex.def Error: File `../results-si
mulated-data/simulation-4/bid-ask-noise/timeseries-1000.png' not found.

See the pdftex.def package documentation for explanation.
Type  H <return>  for immediate help.
 ...                                              
                                                  
l.988 ...tion-4/bid-ask-noise/timeseries-1000.png}
                                                  
Using draft setting for this image.
Try typing  <return>  to proceed.
If that doesn't work, type  X <return>  to quit.


LaTeX Warning: File `../results-simulated-data/simulation-4/bid-ask-noise/times
eries-200.png' not found on input line 992.


./sv-high-freq-7-11-2016.tex:992: Package pdftex.def Error: File `../results-si
mulated-data/simulation-4/bid-ask-noise/timeseries-200.png' not found.

See the pdftex.def package documentation for explanation.
Type  H <return>  for immediate help.
 ...                                              
                                                  
l.992 ...ation-4/bid-ask-noise/timeseries-200.png}
                                                  
Using draft setting for this image.
Try typing  <return>  to proceed.
If that doesn't work, type  X <return>  to quit.


LaTeX Warning: File `../results-simulated-data/simulation-4/bid-ask-noise/fixed
-rho/tau-sq-hat-fast-densities.png' not found on input line 1005.


./sv-high-freq-7-11-2016.tex:1005: Package pdftex.def Error: File `../results-s
imulated-data/simulation-4/bid-ask-noise/fixed-rho/tau-sq-hat-fast-densities.pn
g' not found.

See the pdftex.def package documentation for explanation.
Type  H <return>  for immediate help.
 ...                                              
                                                  
l.1005 ...fixed-rho/tau-sq-hat-fast-densities.png}
                                                  
Using draft setting for this image.
Try typing  <return>  to proceed.
If that doesn't work, type  X <return>  to quit.


LaTeX Warning: File `../results-simulated-data/simulation-4/bid-ask-noise/fixed
-rho/tau-sq-hat-slow-densities.png' not found on input line 1009.


./sv-high-freq-7-11-2016.tex:1009: Package pdftex.def Error: File `../results-s
imulated-data/simulation-4/bid-ask-noise/fixed-rho/tau-sq-hat-slow-densities.pn
g' not found.

See the pdftex.def package documentation for explanation.
Type  H <return>  for immediate help.
 ...                                              
                                                  
l.1009 ...fixed-rho/tau-sq-hat-slow-densities.png}
                                                  
Using draft setting for this image.
Try typing  <return>  to proceed.
If that doesn't work, type  X <return>  to quit.


LaTeX Warning: File `../results-simulated-data/simulation-4/bid-ask-noise/fixed
-rho/theta-hat-fast-densities.png' not found on input line 1013.


./sv-high-freq-7-11-2016.tex:1013: Package pdftex.def Error: File `../results-s
imulated-data/simulation-4/bid-ask-noise/fixed-rho/theta-hat-fast-densities.png
' not found.

See the pdftex.def package documentation for explanation.
Type  H <return>  for immediate help.
 ...                                              
                                                  
l.1013 .../fixed-rho/theta-hat-fast-densities.png}
                                                  
Using draft setting for this image.
Try typing  <return>  to proceed.
If that doesn't work, type  X <return>  to quit.


LaTeX Warning: File `../results-simulated-data/simulation-4/bid-ask-noise/fixed
-rho/theta-hat-slow-densities.png' not found on input line 1017.


./sv-high-freq-7-11-2016.tex:1017: Package pdftex.def Error: File `../results-s
imulated-data/simulation-4/bid-ask-noise/fixed-rho/theta-hat-slow-densities.png
' not found.

See the pdftex.def package documentation for explanation.
Type  H <return>  for immediate help.
 ...                                              
                                                  
l.1017 .../fixed-rho/theta-hat-slow-densities.png}
                                                  
Using draft setting for this image.
Try typing  <return>  to proceed.
If that doesn't work, type  X <return>  to quit.


LaTeX Warning: File `../results-simulated-data/simulation-4/bid-ask-noise/fixed
-rho/rho-densities.png' not found on input line 1021.


./sv-high-freq-7-11-2016.tex:1021: Package pdftex.def Error: File `../results-s
imulated-data/simulation-4/bid-ask-noise/fixed-rho/rho-densities.png' not found
.

See the pdftex.def package documentation for explanation.
Type  H <return>  for immediate help.
 ...                                              
                                                  
l.1021 ...d-ask-noise/fixed-rho/rho-densities.png}
                                                  
Using draft setting for this image.
Try typing  <return>  to proceed.
If that doesn't work, type  X <return>  to quit.


LaTeX Warning: File `../results-simulated-data/simulation-4/bid-ask-noise/fixed
-rho/alpha-hat-densities.png' not found on input line 1025.


./sv-high-freq-7-11-2016.tex:1025: Package pdftex.def Error: File `../results-s
imulated-data/simulation-4/bid-ask-noise/fixed-rho/alpha-hat-densities.png' not
 found.

See the pdftex.def package documentation for explanation.
Type  H <return>  for immediate help.
 ...                                              
                                                  
l.1025 ...noise/fixed-rho/alpha-hat-densities.png}
                                                  
Using draft setting for this image.
Try typing  <return>  to proceed.
If that doesn't work, type  X <return>  to quit.


LaTeX Warning: Float too large for page by 39.3888pt on input line 1029.


LaTeX Warning: File `../results-simulated-data/simulation-4/bid-ask-noise/fixed
-rho/timeseries-60000.png' not found on input line 1036.


./sv-high-freq-7-11-2016.tex:1036: Package pdftex.def Error: File `../results-s
imulated-data/simulation-4/bid-ask-noise/fixed-rho/timeseries-60000.png' not fo
und.

See the pdftex.def package documentation for explanation.
Type  H <return>  for immediate help.
 ...                                              
                                                  
l.1036 ...sk-noise/fixed-rho/timeseries-60000.png}
                                                  
Using draft setting for this image.
Try typing  <return>  to proceed.
If that doesn't work, type  X <return>  to quit.


LaTeX Warning: File `../results-simulated-data/simulation-4/bid-ask-noise/fixed
-rho/timeseries-30000.png' not found on input line 1040.


./sv-high-freq-7-11-2016.tex:1040: Package pdftex.def Error: File `../results-s
imulated-data/simulation-4/bid-ask-noise/fixed-rho/timeseries-30000.png' not fo
und.

See the pdftex.def package documentation for explanation.
Type  H <return>  for immediate help.
 ...                                              
                                                  
l.1040 ...sk-noise/fixed-rho/timeseries-30000.png}
                                                  
Using draft setting for this image.
Try typing  <return>  to proceed.
If that doesn't work, type  X <return>  to quit.


LaTeX Warning: File `../results-simulated-data/simulation-4/bid-ask-noise/fixed
-rho/timeseries-5000.png' not found on input line 1044.


./sv-high-freq-7-11-2016.tex:1044: Package pdftex.def Error: File `../results-s
imulated-data/simulation-4/bid-ask-noise/fixed-rho/timeseries-5000.png' not fou
nd.

See the pdftex.def package documentation for explanation.
Type  H <return>  for immediate help.
 ...                                              
                                                  
l.1044 ...ask-noise/fixed-rho/timeseries-5000.png}
                                                  
Using draft setting for this image.
Try typing  <return>  to proceed.
If that doesn't work, type  X <return>  to quit.


LaTeX Warning: File `../results-simulated-data/simulation-5/bid-ask-noise/tau-s
q-hat-fast-densities.png' not found on input line 1057.


./sv-high-freq-7-11-2016.tex:1057: Package pdftex.def Error: File `../results-s
imulated-data/simulation-5/bid-ask-noise/tau-sq-hat-fast-densities.png' not fou
nd.

See the pdftex.def package documentation for explanation.
Type  H <return>  for immediate help.
 ...                                              
                                                  
l.1057 ...ask-noise/tau-sq-hat-fast-densities.png}
                                                  
Using draft setting for this image.
Try typing  <return>  to proceed.
If that doesn't work, type  X <return>  to quit.


LaTeX Warning: File `../results-simulated-data/simulation-5/bid-ask-noise/tau-s
q-hat-slow-densities.png' not found on input line 1061.


./sv-high-freq-7-11-2016.tex:1061: Package pdftex.def Error: File `../results-s
imulated-data/simulation-5/bid-ask-noise/tau-sq-hat-slow-densities.png' not fou
nd.

See the pdftex.def package documentation for explanation.
Type  H <return>  for immediate help.
 ...                                              
                                                  
l.1061 ...ask-noise/tau-sq-hat-slow-densities.png}
                                                  
Using draft setting for this image.
Try typing  <return>  to proceed.
If that doesn't work, type  X <return>  to quit.


LaTeX Warning: File `../results-simulated-data/simulation-5/bid-ask-noise/theta
-hat-fast-densities.png' not found on input line 1065.


./sv-high-freq-7-11-2016.tex:1065: Package pdftex.def Error: File `../results-s
imulated-data/simulation-5/bid-ask-noise/theta-hat-fast-densities.png' not foun
d.

See the pdftex.def package documentation for explanation.
Type  H <return>  for immediate help.
 ...                                              
                                                  
l.1065 ...-ask-noise/theta-hat-fast-densities.png}
                                                  
Using draft setting for this image.
Try typing  <return>  to proceed.
If that doesn't work, type  X <return>  to quit.


LaTeX Warning: File `../results-simulated-data/simulation-5/bid-ask-noise/theta
-hat-slow-densities.png' not found on input line 1069.


./sv-high-freq-7-11-2016.tex:1069: Package pdftex.def Error: File `../results-s
imulated-data/simulation-5/bid-ask-noise/theta-hat-slow-densities.png' not foun
d.

See the pdftex.def package documentation for explanation.
Type  H <return>  for immediate help.
 ...                                              
                                                  
l.1069 ...-ask-noise/theta-hat-slow-densities.png}
                                                  
Using draft setting for this image.
Try typing  <return>  to proceed.
If that doesn't work, type  X <return>  to quit.


LaTeX Warning: File `../results-simulated-data/simulation-5/bid-ask-noise/rho-d
ensities.png' not found on input line 1073.


./sv-high-freq-7-11-2016.tex:1073: Package pdftex.def Error: File `../results-s
imulated-data/simulation-5/bid-ask-noise/rho-densities.png' not found.

See the pdftex.def package documentation for explanation.
Type  H <return>  for immediate help.
 ...                                              
                                                  
l.1073 ...ation-5/bid-ask-noise/rho-densities.png}
                                                  
Using draft setting for this image.
Try typing  <return>  to proceed.
If that doesn't work, type  X <return>  to quit.


LaTeX Warning: File `../results-simulated-data/simulation-5/bid-ask-noise/alpha
-hat-densities.png' not found on input line 1077.


./sv-high-freq-7-11-2016.tex:1077: Package pdftex.def Error: File `../results-s
imulated-data/simulation-5/bid-ask-noise/alpha-hat-densities.png' not found.

See the pdftex.def package documentation for explanation.
Type  H <return>  for immediate help.
 ...                                              
                                                  
l.1077 ...5/bid-ask-noise/alpha-hat-densities.png}
                                                  
Using draft setting for this image.
Try typing  <return>  to proceed.
If that doesn't work, type  X <return>  to quit.


LaTeX Warning: Float too large for page by 39.3888pt on input line 1081.


LaTeX Warning: File `../results-simulated-data/simulation-5/bid-ask-noise/times
eries-60000.png' not found on input line 1088.


./sv-high-freq-7-11-2016.tex:1088: Package pdftex.def Error: File `../results-s
imulated-data/simulation-5/bid-ask-noise/timeseries-60000.png' not found.

See the pdftex.def package documentation for explanation.
Type  H <return>  for immediate help.
 ...                                              
                                                  
l.1088 ...on-5/bid-ask-noise/timeseries-60000.png}
                                                  
Using draft setting for this image.
Try typing  <return>  to proceed.
If that doesn't work, type  X <return>  to quit.


LaTeX Warning: File `../results-simulated-data/simulation-5/bid-ask-noise/times
eries-30000.png' not found on input line 1092.


./sv-high-freq-7-11-2016.tex:1092: Package pdftex.def Error: File `../results-s
imulated-data/simulation-5/bid-ask-noise/timeseries-30000.png' not found.

See the pdftex.def package documentation for explanation.
Type  H <return>  for immediate help.
 ...                                              
                                                  
l.1092 ...on-5/bid-ask-noise/timeseries-30000.png}
                                                  
Using draft setting for this image.
Try typing  <return>  to proceed.
If that doesn't work, type  X <return>  to quit.


LaTeX Warning: File `../results-simulated-data/simulation-5/bid-ask-noise/times
eries-5000.png' not found on input line 1096.


./sv-high-freq-7-11-2016.tex:1096: Package pdftex.def Error: File `../results-s
imulated-data/simulation-5/bid-ask-noise/timeseries-5000.png' not found.

See the pdftex.def package documentation for explanation.
Type  H <return>  for immediate help.
 ...                                              
                                                  
l.1096 ...ion-5/bid-ask-noise/timeseries-5000.png}
                                                  
Using draft setting for this image.
Try typing  <return>  to proceed.
If that doesn't work, type  X <return>  to quit.

[16 <./results-simulation-10013-bid-ask-noise-plots-ALPHAS-microstructure-ALPHA
-XI-Inf-SDs-0.pdf> <./alphas-increasing-T.pdf>] [17] [18] [19] [20] [21]
[22]
./sv-high-freq-7-11-2016.tex:1133: Undefined control sequence.
<recently read> \J 
                   
l.1133 ..., \ldots, \gamma_{n(\Delta)}$, jumps $\J
                                                  _{1}(\Delta), \ldots, \J_{...
The control sequence at the end of the top line
of your error message was never \def'ed. If you have
misspelled it (e.g., `\hobx'), type `I' and the correct
spelling (e.g., `I\hbox'). Otherwise just continue,
and I'll forget about whatever was undefined.

./sv-high-freq-7-11-2016.tex:1133: Undefined control sequence.
l.1133 ...ta)}$, jumps $\J_{1}(\Delta), \ldots, \J
                                                  _{n(\Delta)}(\Delta)$, and...
The control sequence at the end of the top line
of your error message was never \def'ed. If you have
misspelled it (e.g., `\hobx'), type `I' and the correct
spelling (e.g., `I\hbox'). Otherwise just continue,
and I'll forget about whatever was undefined.


./sv-high-freq-7-11-2016.tex:1154: LaTeX Error: \begin{align} on input line 114
9 ended by \end{align*}.

See the LaTeX manual or LaTeX Companion for explanation.
Type  H <return>  for immediate help.
 ...                                              
                                                  
l.1154 \end{align*}
                   
Your command was ignored.
Type  I <command> <return>  to replace it with another command,
or  <return>  to continue without it.

[23]

LaTeX Warning: there is no bold Symbol font on input line 1178.

[24] [25] [26] (./sv-high-freq-7-11-2016.bbl [27] [28]) [29]
(./sv-high-freq-7-11-2016.aux) ) 
Here is how much of TeX's memory you used:
 24874 strings out of 494953
 626283 string characters out of 6180978
 813998 words of memory out of 5000000
 27580 multiletter control sequences out of 15000+600000
 63724 words of font info for 149 fonts, out of 8000000 for 9000
 14 hyphenation exceptions out of 8191
 55i,16n,77p,1826b,609s stack positions out of 5000i,500n,10000p,200000b,80000s
{/usr/share/texlive/texmf-dist/fonts/enc/dvips/
base/8r.enc} </home/gdinolov/.texmf-var/fonts/pk/ljfour/public/bbm/bbm10.600pk>
</usr/share/texlive/texmf-dist/fonts/type1/public/amsfonts/cm/cmex10.pfb></usr/
share/texlive/texmf-dist/fonts/type1/public/amsfonts/cmextra/cmex9.pfb></usr/sh
are/texlive/texmf-dist/fonts/type1/public/amsfonts/cm/cmmi10.pfb></usr/share/te
xlive/texmf-dist/fonts/type1/public/amsfonts/cm/cmr10.pfb></usr/share/texlive/t
exmf-dist/fonts/type1/public/amsfonts/cm/cmsy10.pfb></usr/share/texlive/texmf-d
ist/fonts/type1/public/amsfonts/symbols/msbm10.pfb></usr/share/texlive/texmf-di
st/fonts/type1/urw/courier/ucrr8a.pfb></usr/share/texlive/texmf-dist/fonts/type
1/urw/palatino/uplb8a.pfb></usr/share/texlive/texmf-dist/fonts/type1/urw/palati
no/uplr8a.pfb></usr/share/texlive/texmf-dist/fonts/type1/urw/palatino/uplri8a.p
fb></usr/share/texlive/texmf-dist/fonts/type1/urw/symbol/usyr.pfb></usr/share/t
exlive/texmf-dist/fonts/type1/urw/times/utmr8a.pfb></usr/share/texlive/texmf-di
st/fonts/type1/urw/times/utmri8a.pfb>
Output written on sv-high-freq-7-11-2016.pdf (29 pages, 1883869 bytes).
PDF statistics:
 364 PDF objects out of 1000 (max. 8388607)
 0 named destinations out of 1000 (max. 500000)
 278 words of extra memory for PDF output out of 10000 (max. 10000000)

