#
# There is insufficient memory for the Java Runtime Environment to continue.
# Native memory allocation (mmap) failed to map 26214400 bytes for committing reserved memory.
# Possible reasons:
#   The system is out of physical RAM or swap space
#   In 32 bit mode, the process size limit was hit
# Possible solutions:
#   Reduce memory load on the system
#   Increase physical memory or swap space
#   Check if swap backing store is full
#   Use 64 bit Java on a 64 bit OS
#   Decrease Java heap size (-Xmx/-Xms)
#   Decrease number of Java threads
#   Decrease Java thread stack sizes (-Xss)
#   Set larger code cache with -XX:ReservedCodeCacheSize=
# This output file may be truncated or incomplete.
#
#  Out of Memory Error (os_linux.cpp:2627), pid=23596, tid=140578835773184
#
# JRE version:  (8.0_66-b17) (build )
# Java VM: Java HotSpot(TM) 64-Bit Server VM (25.66-b17 mixed mode linux-amd64 compressed oops)
# Failed to write core dump. Core dumps have been disabled. To enable core dumping, try "ulimit -c unlimited" before starting Java again
#

---------------  T H R E A D  ---------------

Current thread (0x00007fdb08009800):  JavaThread "Unknown thread" [_thread_in_vm, id=23597, stack(0x00007fdb0f81b000,0x00007fdb0f91c000)]

Stack: [0x00007fdb0f81b000,0x00007fdb0f91c000],  sp=0x00007fdb0f91a3b0,  free space=1020k
Native frames: (J=compiled Java code, j=interpreted, Vv=VM code, C=native code)
V  [libjvm.so+0xab9a1a]  VMError::report_and_die()+0x2ba
V  [libjvm.so+0x4f9e0b]  report_vm_out_of_memory(char const*, int, unsigned long, VMErrorType, char const*)+0x8b
V  [libjvm.so+0x91a8a3]  os::Linux::commit_memory_impl(char*, unsigned long, bool)+0x103
V  [libjvm.so+0x91adf9]  os::pd_commit_memory(char*, unsigned long, unsigned long, bool)+0x29
V  [libjvm.so+0x91510a]  os::commit_memory(char*, unsigned long, unsigned long, bool)+0x2a
V  [libjvm.so+0x9887a3]  PSVirtualSpace::expand_by(unsigned long)+0x53
V  [libjvm.so+0x989765]  PSYoungGen::initialize_virtual_space(ReservedSpace, unsigned long)+0x75
V  [libjvm.so+0x98a0ce]  PSYoungGen::initialize(ReservedSpace, unsigned long)+0x3e
V  [libjvm.so+0x2d8165]  AdjoiningGenerations::AdjoiningGenerations(ReservedSpace, GenerationSizer*, unsigned long)+0x345
V  [libjvm.so+0x93dbc6]  ParallelScavengeHeap::initialize()+0x1d6
V  [libjvm.so+0xa8224b]  Universe::initialize_heap()+0xfb
V  [libjvm.so+0xa825be]  universe_init()+0x3e
V  [libjvm.so+0x6388f5]  init_globals()+0x65
V  [libjvm.so+0xa667be]  Threads::create_vm(JavaVMInitArgs*, bool*)+0x23e
V  [libjvm.so+0x6cce14]  JNI_CreateJavaVM+0x74
C  [libjli.so+0x745e]  JavaMain+0x9e
C  [libpthread.so.0+0x8182]  start_thread+0xc2


---------------  P R O C E S S  ---------------

Java Threads: ( => current thread )

Other Threads:

=>0x00007fdb08009800 (exited) JavaThread "Unknown thread" [_thread_in_vm, id=23597, stack(0x00007fdb0f81b000,0x00007fdb0f91c000)]

VM state:not at safepoint (not fully initialized)

VM Mutex/Monitor currently owned by a thread: None

GC Heap History (0 events):
No events

Deoptimization events (0 events):
No events

Internal exceptions (0 events):
No events

Events (0 events):
No events


Dynamic libraries:
00400000-00401000 r-xp 00000000 08:01 683563                             /usr/lib/jvm/java-8-oracle/bin/java
00600000-00601000 rw-p 00000000 08:01 683563                             /usr/lib/jvm/java-8-oracle/bin/java
011e5000-01206000 rw-p 00000000 00:00 0                                  [heap]
b4600000-e6d00000 ---p 00000000 00:00 0 
e8600000-100000000 ---p 00000000 00:00 0 
7fdaf9000000-7fdaf9270000 rwxp 00000000 00:00 0 
7fdaf9270000-7fdb08000000 ---p 00000000 00:00 0 
7fdb08000000-7fdb08031000 rw-p 00000000 00:00 0 
7fdb08031000-7fdb0c000000 ---p 00000000 00:00 0 
7fdb0c100000-7fdb0c385000 rw-p 00000000 00:00 0 
7fdb0c385000-7fdb0c5e2000 ---p 00000000 00:00 0 
7fdb0c5e2000-7fdb0c5ed000 rw-p 00000000 00:00 0 
7fdb0c5ed000-7fdb0c9a3000 ---p 00000000 00:00 0 
7fdb0c9a3000-7fdb0c9bd000 r-xp 00000000 08:01 683231                     /usr/lib/jvm/java-8-oracle/jre/lib/amd64/libzip.so
7fdb0c9bd000-7fdb0cbbd000 ---p 0001a000 08:01 683231                     /usr/lib/jvm/java-8-oracle/jre/lib/amd64/libzip.so
7fdb0cbbd000-7fdb0cbbe000 rw-p 0001a000 08:01 683231                     /usr/lib/jvm/java-8-oracle/jre/lib/amd64/libzip.so
7fdb0cbbe000-7fdb0cbc9000 r-xp 00000000 08:01 397725                     /lib/x86_64-linux-gnu/libnss_files-2.19.so
7fdb0cbc9000-7fdb0cdc8000 ---p 0000b000 08:01 397725                     /lib/x86_64-linux-gnu/libnss_files-2.19.so
7fdb0cdc8000-7fdb0cdc9000 r--p 0000a000 08:01 397725                     /lib/x86_64-linux-gnu/libnss_files-2.19.so
7fdb0cdc9000-7fdb0cdca000 rw-p 0000b000 08:01 397725                     /lib/x86_64-linux-gnu/libnss_files-2.19.so
7fdb0cdca000-7fdb0cdd5000 r-xp 00000000 08:01 397690                     /lib/x86_64-linux-gnu/libnss_nis-2.19.so
7fdb0cdd5000-7fdb0cfd4000 ---p 0000b000 08:01 397690                     /lib/x86_64-linux-gnu/libnss_nis-2.19.so
7fdb0cfd4000-7fdb0cfd5000 r--p 0000a000 08:01 397690                     /lib/x86_64-linux-gnu/libnss_nis-2.19.so
7fdb0cfd5000-7fdb0cfd6000 rw-p 0000b000 08:01 397690                     /lib/x86_64-linux-gnu/libnss_nis-2.19.so
7fdb0cfd6000-7fdb0cfed000 r-xp 00000000 08:01 397645                     /lib/x86_64-linux-gnu/libnsl-2.19.so
7fdb0cfed000-7fdb0d1ec000 ---p 00017000 08:01 397645                     /lib/x86_64-linux-gnu/libnsl-2.19.so
7fdb0d1ec000-7fdb0d1ed000 r--p 00016000 08:01 397645                     /lib/x86_64-linux-gnu/libnsl-2.19.so
7fdb0d1ed000-7fdb0d1ee000 rw-p 00017000 08:01 397645                     /lib/x86_64-linux-gnu/libnsl-2.19.so
7fdb0d1ee000-7fdb0d1f0000 rw-p 00000000 00:00 0 
7fdb0d1f0000-7fdb0d1f9000 r-xp 00000000 08:01 397644                     /lib/x86_64-linux-gnu/libnss_compat-2.19.so
7fdb0d1f9000-7fdb0d3f8000 ---p 00009000 08:01 397644                     /lib/x86_64-linux-gnu/libnss_compat-2.19.so
7fdb0d3f8000-7fdb0d3f9000 r--p 00008000 08:01 397644                     /lib/x86_64-linux-gnu/libnss_compat-2.19.so
7fdb0d3f9000-7fdb0d3fa000 rw-p 00009000 08:01 397644                     /lib/x86_64-linux-gnu/libnss_compat-2.19.so
7fdb0d3fa000-7fdb0d424000 r-xp 00000000 08:01 683208                     /usr/lib/jvm/java-8-oracle/jre/lib/amd64/libjava.so
7fdb0d424000-7fdb0d624000 ---p 0002a000 08:01 683208                     /usr/lib/jvm/java-8-oracle/jre/lib/amd64/libjava.so
7fdb0d624000-7fdb0d626000 rw-p 0002a000 08:01 683208                     /usr/lib/jvm/java-8-oracle/jre/lib/amd64/libjava.so
7fdb0d626000-7fdb0d633000 r-xp 00000000 08:01 683243                     /usr/lib/jvm/java-8-oracle/jre/lib/amd64/libverify.so
7fdb0d633000-7fdb0d833000 ---p 0000d000 08:01 683243                     /usr/lib/jvm/java-8-oracle/jre/lib/amd64/libverify.so
7fdb0d833000-7fdb0d835000 rw-p 0000d000 08:01 683243                     /usr/lib/jvm/java-8-oracle/jre/lib/amd64/libverify.so
7fdb0d835000-7fdb0d83c000 r-xp 00000000 08:01 397714                     /lib/x86_64-linux-gnu/librt-2.19.so
7fdb0d83c000-7fdb0da3b000 ---p 00007000 08:01 397714                     /lib/x86_64-linux-gnu/librt-2.19.so
7fdb0da3b000-7fdb0da3c000 r--p 00006000 08:01 397714                     /lib/x86_64-linux-gnu/librt-2.19.so
7fdb0da3c000-7fdb0da3d000 rw-p 00007000 08:01 397714                     /lib/x86_64-linux-gnu/librt-2.19.so
7fdb0da3d000-7fdb0db42000 r-xp 00000000 08:01 397617                     /lib/x86_64-linux-gnu/libm-2.19.so
7fdb0db42000-7fdb0dd41000 ---p 00105000 08:01 397617                     /lib/x86_64-linux-gnu/libm-2.19.so
7fdb0dd41000-7fdb0dd42000 r--p 00104000 08:01 397617                     /lib/x86_64-linux-gnu/libm-2.19.so
7fdb0dd42000-7fdb0dd43000 rw-p 00105000 08:01 397617                     /lib/x86_64-linux-gnu/libm-2.19.so
7fdb0dd43000-7fdb0ea01000 r-xp 00000000 08:01 683263                     /usr/lib/jvm/java-8-oracle/jre/lib/amd64/server/libjvm.so
7fdb0ea01000-7fdb0ec00000 ---p 00cbe000 08:01 683263                     /usr/lib/jvm/java-8-oracle/jre/lib/amd64/server/libjvm.so
7fdb0ec00000-7fdb0ecd9000 rw-p 00cbd000 08:01 683263                     /usr/lib/jvm/java-8-oracle/jre/lib/amd64/server/libjvm.so
7fdb0ecd9000-7fdb0ed1d000 rw-p 00000000 00:00 0 
7fdb0ed1d000-7fdb0eed8000 r-xp 00000000 08:01 397715                     /lib/x86_64-linux-gnu/libc-2.19.so
7fdb0eed8000-7fdb0f0d7000 ---p 001bb000 08:01 397715                     /lib/x86_64-linux-gnu/libc-2.19.so
7fdb0f0d7000-7fdb0f0db000 r--p 001ba000 08:01 397715                     /lib/x86_64-linux-gnu/libc-2.19.so
7fdb0f0db000-7fdb0f0dd000 rw-p 001be000 08:01 397715                     /lib/x86_64-linux-gnu/libc-2.19.so
7fdb0f0dd000-7fdb0f0e2000 rw-p 00000000 00:00 0 
7fdb0f0e2000-7fdb0f0e5000 r-xp 00000000 08:01 397621                     /lib/x86_64-linux-gnu/libdl-2.19.so
7fdb0f0e5000-7fdb0f2e4000 ---p 00003000 08:01 397621                     /lib/x86_64-linux-gnu/libdl-2.19.so
7fdb0f2e4000-7fdb0f2e5000 r--p 00002000 08:01 397621                     /lib/x86_64-linux-gnu/libdl-2.19.so
7fdb0f2e5000-7fdb0f2e6000 rw-p 00003000 08:01 397621                     /lib/x86_64-linux-gnu/libdl-2.19.so
7fdb0f2e6000-7fdb0f2fb000 r-xp 00000000 08:01 682582                     /usr/lib/jvm/java-8-oracle/lib/amd64/jli/libjli.so
7fdb0f2fb000-7fdb0f4fb000 ---p 00015000 08:01 682582                     /usr/lib/jvm/java-8-oracle/lib/amd64/jli/libjli.so
7fdb0f4fb000-7fdb0f4fc000 rw-p 00015000 08:01 682582                     /usr/lib/jvm/java-8-oracle/lib/amd64/jli/libjli.so
7fdb0f4fc000-7fdb0f515000 r-xp 00000000 08:01 397649                     /lib/x86_64-linux-gnu/libpthread-2.19.so
7fdb0f515000-7fdb0f714000 ---p 00019000 08:01 397649                     /lib/x86_64-linux-gnu/libpthread-2.19.so
7fdb0f714000-7fdb0f715000 r--p 00018000 08:01 397649                     /lib/x86_64-linux-gnu/libpthread-2.19.so
7fdb0f715000-7fdb0f716000 rw-p 00019000 08:01 397649                     /lib/x86_64-linux-gnu/libpthread-2.19.so
7fdb0f716000-7fdb0f71a000 rw-p 00000000 00:00 0 
7fdb0f71a000-7fdb0f73d000 r-xp 00000000 08:01 397656                     /lib/x86_64-linux-gnu/ld-2.19.so
7fdb0f81b000-7fdb0f81e000 ---p 00000000 00:00 0 
7fdb0f81e000-7fdb0f920000 rw-p 00000000 00:00 0                          [stack:23597]
7fdb0f92d000-7fdb0f930000 rw-p 00000000 00:00 0 
7fdb0f930000-7fdb0f938000 rw-s 00000000 08:01 1192276                    /tmp/hsperfdata_gdinolov/23596
7fdb0f938000-7fdb0f939000 rw-p 00000000 00:00 0 
7fdb0f939000-7fdb0f93a000 r--p 00000000 00:00 0 
7fdb0f93a000-7fdb0f93c000 rw-p 00000000 00:00 0 
7fdb0f93c000-7fdb0f93d000 r--p 00022000 08:01 397656                     /lib/x86_64-linux-gnu/ld-2.19.so
7fdb0f93d000-7fdb0f93e000 rw-p 00023000 08:01 397656                     /lib/x86_64-linux-gnu/ld-2.19.so
7fdb0f93e000-7fdb0f93f000 rw-p 00000000 00:00 0 
7ffc7ddbf000-7ffc7dde0000 rw-p 00000000 00:00 0                          [stack]
7ffc7dde1000-7ffc7dde3000 r-xp 00000000 00:00 0                          [vdso]
ffffffffff600000-ffffffffff601000 r-xp 00000000 00:00 0                  [vsyscall]

VM Arguments:
java_command: <unknown>
java_class_path (initial): .
Launcher Type: SUN_STANDARD

Environment Variables:
PATH=/home/gdinolov/bin:/usr/local/sbin:/usr/local/bin:/usr/sbin:/usr/bin:/sbin:/bin:/usr/games:/usr/local/games
SHELL=/bin/bash
DISPLAY=:0
ARCH=x86_64

Signal Handlers:
SIGSEGV: [libjvm.so+0xaba2a0], sa_mask[0]=11111111011111111101111111111110, sa_flags=SA_RESTART|SA_SIGINFO
SIGBUS: [libjvm.so+0xaba2a0], sa_mask[0]=11111111011111111101111111111110, sa_flags=SA_RESTART|SA_SIGINFO
SIGFPE: [libjvm.so+0x917710], sa_mask[0]=11111111011111111101111111111110, sa_flags=SA_RESTART|SA_SIGINFO
SIGPIPE: [libjvm.so+0x917710], sa_mask[0]=11111111011111111101111111111110, sa_flags=SA_RESTART|SA_SIGINFO
SIGXFSZ: [libjvm.so+0x917710], sa_mask[0]=11111111011111111101111111111110, sa_flags=SA_RESTART|SA_SIGINFO
SIGILL: [libjvm.so+0x917710], sa_mask[0]=11111111011111111101111111111110, sa_flags=SA_RESTART|SA_SIGINFO
SIGUSR1: SIG_DFL, sa_mask[0]=00000000000000000000000000000000, sa_flags=none
SIGUSR2: [libjvm.so+0x918d40], sa_mask[0]=00000000000000000000000000000000, sa_flags=SA_RESTART|SA_SIGINFO
SIGHUP: SIG_DFL, sa_mask[0]=00000000000000000000000000000000, sa_flags=none
SIGINT: SIG_DFL, sa_mask[0]=00000000000000000000000000000000, sa_flags=none
SIGTERM: SIG_DFL, sa_mask[0]=00000000000000000000000000000000, sa_flags=none
SIGQUIT: SIG_DFL, sa_mask[0]=00000000000000000000000000000000, sa_flags=none


---------------  S Y S T E M  ---------------

OS:DISTRIB_ID=Ubuntu
DISTRIB_RELEASE=14.04
DISTRIB_CODENAME=trusty
DISTRIB_DESCRIPTION="Ubuntu 14.04.3 LTS"

uname:Linux 3.13.0-79-generic #123-Ubuntu SMP Fri Feb 19 14:27:58 UTC 2016 x86_64
libc:glibc 2.19 NPTL 2.19 
rlimit: STACK 8192k, CORE 0k, NPROC 38509, NOFILE 4096, AS infinity
load average:15.38 7.72 3.45

/proc/meminfo:
MemTotal:        4950760 kB
MemFree:          109000 kB
Buffers:             236 kB
Cached:           111460 kB
SwapCached:            0 kB
Active:          4491552 kB
Inactive:         109388 kB
Active(anon):    4490856 kB
Inactive(anon):    94344 kB
Active(file):        696 kB
Inactive(file):    15044 kB
Unevictable:         168 kB
Mlocked:             168 kB
SwapTotal:             0 kB
SwapFree:              0 kB
Dirty:                24 kB
Writeback:             0 kB
AnonPages:       4489768 kB
Mapped:            95644 kB
Shmem:             95600 kB
Slab:              72584 kB
SReclaimable:      28172 kB
SUnreclaim:        44412 kB
KernelStack:        6200 kB
PageTables:        51412 kB
NFS_Unstable:          0 kB
Bounce:                0 kB
WritebackTmp:          0 kB
CommitLimit:     2475380 kB
Committed_AS:    9573876 kB
VmallocTotal:   34359738367 kB
VmallocUsed:      174896 kB
VmallocChunk:   34359469596 kB
HardwareCorrupted:     0 kB
AnonHugePages:    747520 kB
HugePages_Total:       0
HugePages_Free:        0
HugePages_Rsvd:        0
HugePages_Surp:        0
Hugepagesize:       2048 kB
DirectMap4k:       65408 kB
DirectMap2M:     5054464 kB


CPU:total 4 (1 cores per cpu, 1 threads per core) family 6 model 42 stepping 7, cmov, cx8, fxsr, mmx, sse, sse2, sse3, ssse3, sse4.1, sse4.2, popcnt, avx, aes, clmul, tsc, tscinvbit

/proc/cpuinfo:
processor	: 0
vendor_id	: GenuineIntel
cpu family	: 6
model		: 42
model name	: Intel(R) Core(TM) i7-2640M CPU @ 2.80GHz
stepping	: 7
microcode	: 0x29
cpu MHz		: 2793.656
cache size	: 4096 KB
physical id	: 0
siblings	: 1
core id		: 0
cpu cores	: 1
apicid		: 0
initial apicid	: 0
fpu		: yes
fpu_exception	: yes
cpuid level	: 13
wp		: yes
flags		: fpu vme de pse tsc msr pae mce cx8 apic sep mtrr pge mca cmov pat pse36 clflush dts mmx fxsr sse sse2 ss syscall nx rdtscp lm constant_tsc arch_perfmon pebs bts nopl xtopology tsc_reliable nonstop_tsc aperfmperf eagerfpu pni pclmulqdq ssse3 cx16 pcid sse4_1 sse4_2 x2apic popcnt aes xsave avx hypervisor lahf_lm ida arat epb xsaveopt pln pts dtherm
bogomips	: 5587.31
clflush size	: 64
cache_alignment	: 64
address sizes	: 40 bits physical, 48 bits virtual
power management:

processor	: 1
vendor_id	: GenuineIntel
cpu family	: 6
model		: 42
model name	: Intel(R) Core(TM) i7-2640M CPU @ 2.80GHz
stepping	: 7
microcode	: 0x29
cpu MHz		: 2793.656
cache size	: 4096 KB
physical id	: 2
siblings	: 1
core id		: 0
cpu cores	: 1
apicid		: 2
initial apicid	: 2
fpu		: yes
fpu_exception	: yes
cpuid level	: 13
wp		: yes
flags		: fpu vme de pse tsc msr pae mce cx8 apic sep mtrr pge mca cmov pat pse36 clflush dts mmx fxsr sse sse2 ss syscall nx rdtscp lm constant_tsc arch_perfmon pebs bts nopl xtopology tsc_reliable nonstop_tsc aperfmperf eagerfpu pni pclmulqdq ssse3 cx16 pcid sse4_1 sse4_2 x2apic popcnt aes xsave avx hypervisor lahf_lm ida arat epb xsaveopt pln pts dtherm
bogomips	: 5587.31
clflush size	: 64
cache_alignment	: 64
address sizes	: 40 bits physical, 48 bits virtual
power management:

processor	: 2
vendor_id	: GenuineIntel
cpu family	: 6
model		: 42
model name	: Intel(R) Core(TM) i7-2640M CPU @ 2.80GHz
stepping	: 7
microcode	: 0x29
cpu MHz		: 2793.656
cache size	: 4096 KB
physical id	: 4
siblings	: 1
core id		: 0
cpu cores	: 1
apicid		: 4
initial apicid	: 4
fpu		: yes
fpu_exception	: yes
cpuid level	: 13
wp		: yes
flags		: fpu vme de pse tsc msr pae mce cx8 apic sep mtrr pge mca cmov pat pse36 clflush dts mmx fxsr sse sse2 ss syscall nx rdtscp lm constant_tsc arch_perfmon pebs bts nopl xtopology tsc_reliable nonstop_tsc aperfmperf eagerfpu pni pclmulqdq ssse3 cx16 pcid sse4_1 sse4_2 x2apic popcnt aes xsave avx hypervisor lahf_lm ida arat epb xsaveopt pln pts dtherm
bogomips	: 5587.31
clflush size	: 64
cache_alignment	: 64
address sizes	: 40 bits physical, 48 bits virtual
power management:

processor	: 3
vendor_id	: GenuineIntel
cpu family	: 6
model		: 42
model name	: Intel(R) Core(TM) i7-2640M CPU @ 2.80GHz
stepping	: 7
microcode	: 0x29
cpu MHz		: 2793.656
cache size	: 4096 KB
physical id	: 6
siblings	: 1
core id		: 0
cpu cores	: 1
apicid		: 6
initial apicid	: 6
fpu		: yes
fpu_exception	: yes
cpuid level	: 13
wp		: yes
flags		: fpu vme de pse tsc msr pae mce cx8 apic sep mtrr pge mca cmov pat pse36 clflush dts mmx fxsr sse sse2 ss syscall nx rdtscp lm constant_tsc arch_perfmon pebs bts nopl xtopology tsc_reliable nonstop_tsc aperfmperf eagerfpu pni pclmulqdq ssse3 cx16 pcid sse4_1 sse4_2 x2apic popcnt aes xsave avx hypervisor lahf_lm ida arat epb xsaveopt pln pts dtherm
bogomips	: 5587.31
clflush size	: 64
cache_alignment	: 64
address sizes	: 40 bits physical, 48 bits virtual
power management:



Memory: 4k page, physical 4950760k(119488k free), swap 0k(0k free)

vm_info: Java HotSpot(TM) 64-Bit Server VM (25.66-b17) for linux-amd64 JRE (1.8.0_66-b17), built on Oct  6 2015 17:28:34 by "java_re" with gcc 4.3.0 20080428 (Red Hat 4.3.0-8)

time: Sun Mar 13 14:39:41 2016
elapsed time: 115 seconds (0d 0h 1m 55s)

